#
# There is insufficient memory for the Java Runtime Environment to continue.
# Native memory allocation (mmap) failed to map 65536 bytes for Failed to commit metaspace.
# Possible reasons:
#   The system is out of physical RAM or swap space
#   The process is running with CompressedOops enabled, and the Java Heap may be blocking the growth of the native heap
# Possible solutions:
#   Reduce memory load on the system
#   Increase physical memory or swap space
#   Check if swap backing store is full
#   Decrease Java heap size (-Xmx/-Xms)
#   Decrease number of Java threads
#   Decrease Java thread stack sizes (-Xss)
#   Set larger code cache with -XX:ReservedCodeCacheSize=
#   JVM is running with Unscaled Compressed Oops mode in which the Java heap is
#     placed in the first 4GB address space. The Java Heap base address is the
#     maximum limit for the native heap growth. Please use -XX:HeapBaseMinAddress
#     to set the Java Heap base and to place the Java Heap above 4GB virtual address.
# This output file may be truncated or incomplete.
#
#  Out of Memory Error (virtualSpaceNode.cpp:110), pid=25592, tid=28648
#
# JRE version: Java(TM) SE Runtime Environment (17.0.10+11) (build 17.0.10+11-LTS-240)
# Java VM: Java HotSpot(TM) 64-Bit Server VM (17.0.10+11-LTS-240, mixed mode, sharing, tiered, compressed oops, compressed class ptrs, g1 gc, windows-amd64)
# No core dump will be written. Minidumps are not enabled by default on client versions of Windows
#

---------------  S U M M A R Y ------------

Command Line: --add-opens=java.base/java.lang=ALL-UNNAMED --add-opens=java.base/java.lang.invoke=ALL-UNNAMED --add-opens=java.base/java.util=ALL-UNNAMED --add-opens=java.prefs/java.util.prefs=ALL-UNNAMED --add-exports=jdk.compiler/com.sun.tools.javac.api=ALL-UNNAMED --add-exports=jdk.compiler/com.sun.tools.javac.util=ALL-UNNAMED --add-opens=java.base/java.util=ALL-UNNAMED --add-opens=java.prefs/java.util.prefs=ALL-UNNAMED --add-opens=java.base/java.nio.charset=ALL-UNNAMED --add-opens=java.base/java.net=ALL-UNNAMED --add-opens=java.base/java.util.concurrent.atomic=ALL-UNNAMED --add-opens=java.xml/javax.xml.namespace=ALL-UNNAMED -XX:MaxMetaspaceSize=512m -Xmx2048m -Dfile.encoding=UTF-8 -Duser.country=US -Duser.language=en -Duser.variant -javaagent:C:\Users\ASUS\.gradle\wrapper\dists\gradle-8.14.3-bin\cv11ve7ro1n3o1j4so8xd9n66\gradle-8.14.3\lib\agents\gradle-instrumentation-agent-8.14.3.jar org.gradle.launcher.daemon.bootstrap.GradleDaemon 8.14.3

Host: Intel(R) Core(TM) i5-10300H CPU @ 2.50GHz, 8 cores, 15G,  Windows 11 , 64 bit Build 26100 (10.0.26100.8875)
Time: Tue Jul 21 18:24:17 2026 India Standard Time elapsed time: 23.745030 seconds (0d 0h 0m 23s)

---------------  T H R E A D  ---------------

Current thread (0x00000227f3d86310):  JavaThread "Cache worker for journal cache (C:\Users\ASUS\.gradle\caches\journal-1)" [_thread_in_vm, id=28648, stack(0x0000003c95100000,0x0000003c95200000)]

Stack: [0x0000003c95100000,0x0000003c95200000]
Native frames: (J=compiled Java code, j=interpreted, Vv=VM code, C=native code)
V  [jvm.dll+0x677a5a]
V  [jvm.dll+0x7d8b2d]
V  [jvm.dll+0x7da48e]
V  [jvm.dll+0x7daaf3]
V  [jvm.dll+0x2455ff]
V  [jvm.dll+0x7d483b]
V  [jvm.dll+0x61dc06]
V  [jvm.dll+0x1bfa87]
V  [jvm.dll+0x620570]
V  [jvm.dll+0x61e5c6]
V  [jvm.dll+0x23b031]
V  [jvm.dll+0x1e9d67]
V  [jvm.dll+0x1dfa01]
V  [jvm.dll+0x53d58c]
V  [jvm.dll+0x753438]
V  [jvm.dll+0x753524]
V  [jvm.dll+0x40babf]
V  [jvm.dll+0x411a89]
C  [java.dll+0x17ec]

Java frames: (J=compiled Java code, j=interpreted, Vv=VM code)
J 977  java.lang.ClassLoader.defineClass1(Ljava/lang/ClassLoader;Ljava/lang/String;[BIILjava/security/ProtectionDomain;Ljava/lang/String;)Ljava/lang/Class; java.base@17.0.10 (0 bytes) @ 0x00000227c408ed63 [0x00000227c408eca0+0x00000000000000c3]
J 1419 c1 java.lang.ClassLoader.defineClass(Ljava/lang/String;[BIILjava/security/ProtectionDomain;)Ljava/lang/Class; java.base@17.0.10 (43 bytes) @ 0x00000227bc803ad4 [0x00000227bc803780+0x0000000000000354]
J 1073 c1 java.security.SecureClassLoader.defineClass(Ljava/lang/String;[BIILjava/security/CodeSource;)Ljava/lang/Class; java.base@17.0.10 (16 bytes) @ 0x00000227bc71df0c [0x00000227bc71de40+0x00000000000000cc]
J 2577 c2 java.net.URLClassLoader.findClass(Ljava/lang/String;)Ljava/lang/Class; java.base@17.0.10 (47 bytes) @ 0x00000227c4165d30 [0x00000227c4164ea0+0x0000000000000e90]
J 2452 c2 java.lang.ClassLoader.loadClass(Ljava/lang/String;Z)Ljava/lang/Class; java.base@17.0.10 (121 bytes) @ 0x00000227c414d984 [0x00000227c414aee0+0x0000000000002aa4]
J 3097 c2 java.lang.ClassLoader.loadClass(Ljava/lang/String;)Ljava/lang/Class; java.base@17.0.10 (7 bytes) @ 0x00000227c41e0cc0 [0x00000227c41e0c80+0x0000000000000040]
v  ~StubRoutines::call_stub
j  org.gradle.cache.internal.btree.BTreePersistentIndexedCache.<init>(Ljava/io/File;Lorg/gradle/internal/serialize/Serializer;Lorg/gradle/internal/serialize/Serializer;SI)V+44
j  org.gradle.cache.internal.btree.BTreePersistentIndexedCache.<init>(Ljava/io/File;Lorg/gradle/internal/serialize/Serializer;Lorg/gradle/internal/serialize/Serializer;)V+10
j  org.gradle.cache.internal.DefaultCacheCoordinator.doCreateCache(Ljava/io/File;Lorg/gradle/internal/serialize/Serializer;Lorg/gradle/internal/serialize/Serializer;)Lorg/gradle/cache/internal/btree/BTreePersistentIndexedCache;+7
j  org.gradle.cache.internal.DefaultCacheCoordinator.lambda$newCache$3(Ljava/io/File;Lorg/gradle/cache/IndexedCacheParameters;)Lorg/gradle/cache/internal/btree/BTreePersistentIndexedCache;+10
j  org.gradle.cache.internal.DefaultCacheCoordinator$$Lambda$181+0x00000227d420d058.get()Ljava/lang/Object;+12
j  org.gradle.cache.internal.DefaultMultiProcessSafeIndexedCache.lambda$getCache$4()V+5
j  org.gradle.cache.internal.DefaultMultiProcessSafeIndexedCache$$Lambda$404+0x00000227d43b88f0.run()V+4
j  org.gradle.cache.internal.DefaultFileLockManager$DefaultFileLock.doWriteAction(Ljava/lang/Runnable;)V+36
j  org.gradle.cache.internal.DefaultFileLockManager$DefaultFileLock.writeFile(Ljava/lang/Runnable;)V+6
j  org.gradle.cache.internal.DefaultCacheCoordinator$UnitOfWorkFileAccess.writeFile(Ljava/lang/Runnable;)V+8
j  org.gradle.cache.internal.DefaultMultiProcessSafeIndexedCache.getCache()Lorg/gradle/cache/internal/btree/BTreePersistentIndexedCache;+17
j  org.gradle.cache.internal.DefaultMultiProcessSafeIndexedCache.put(Ljava/lang/Object;Ljava/lang/Object;)V+1
j  org.gradle.cache.internal.AsyncCacheAccessDecoratedCache.lambda$putLater$1(Ljava/lang/Object;Ljava/lang/Object;Ljava/lang/Runnable;)V+6
j  org.gradle.cache.internal.AsyncCacheAccessDecoratedCache$$Lambda$399+0x00000227d43b74b8.run()V+16
j  org.gradle.internal.concurrent.ExecutorPolicy$CatchAndRecordFailures.onExecute(Ljava/lang/Runnable;)V+1
j  org.gradle.cache.internal.ExclusiveCacheAccessingWorker$1.run()V+32
j  org.gradle.cache.internal.DefaultCacheCoordinator.lambda$toSupplier$2(Ljava/lang/Runnable;)Ljava/lang/Object;+1
j  org.gradle.cache.internal.DefaultCacheCoordinator$$Lambda$184+0x00000227d420f3c8.get()Ljava/lang/Object;+4
j  org.gradle.cache.internal.DefaultCacheCoordinator.useCache(Ljava/util/function/Supplier;)Ljava/lang/Object;+58
j  org.gradle.cache.internal.DefaultCacheCoordinator.useCache(Ljava/lang/Runnable;)V+5
j  org.gradle.cache.internal.ExclusiveCacheAccessingWorker.flushOperations(Ljava/lang/Runnable;)V+22
j  org.gradle.cache.internal.ExclusiveCacheAccessingWorker.run()V+60
j  org.gradle.internal.concurrent.ExecutorPolicy$CatchAndRecordFailures.onExecute(Ljava/lang/Runnable;)V+1
j  org.gradle.internal.concurrent.AbstractManagedExecutor$1.run()V+25
j  java.util.concurrent.ThreadPoolExecutor.runWorker(Ljava/util/concurrent/ThreadPoolExecutor$Worker;)V+92 java.base@17.0.10
j  java.util.concurrent.ThreadPoolExecutor$Worker.run()V+5 java.base@17.0.10
j  java.lang.Thread.run()V+11 java.base@17.0.10
v  ~StubRoutines::call_stub

---------------  P R O C E S S  ---------------

Threads class SMR info:
_java_thread_list=0x00000227f41ffbc0, length=30, elements={
0x00000227b4c98220, 0x00000227d2ec4b40, 0x00000227d2ec6180, 0x00000227d2edbef0,
0x00000227d2edc7c0, 0x00000227d2edd090, 0x00000227d2edd960, 0x00000227d2ede610,
0x00000227d2ee50b0, 0x00000227f2000080, 0x00000227f21263a0, 0x00000227f2125980,
0x00000227f21268b0, 0x00000227f21272d0, 0x00000227f2125e90, 0x00000227f2127cf0,
0x00000227f2126dc0, 0x00000227f21277e0, 0x00000227f2128200, 0x00000227f2124f60,
0x00000227f2125470, 0x00000227f3d858f0, 0x00000227f3d86310, 0x00000227f3d83070,
0x00000227f3d85e00, 0x00000227f3d86d30, 0x00000227f3d87240, 0x00000227f3d86820,
0x00000227f3d83a90, 0x00000227f3d87750
}

Java Threads: ( => current thread )
  0x00000227b4c98220 JavaThread "main" [_thread_blocked, id=27684, stack(0x0000003c92f00000,0x0000003c93000000)]
  0x00000227d2ec4b40 JavaThread "Reference Handler" daemon [_thread_blocked, id=28028, stack(0x0000003c93600000,0x0000003c93700000)]
  0x00000227d2ec6180 JavaThread "Finalizer" daemon [_thread_blocked, id=27716, stack(0x0000003c93700000,0x0000003c93800000)]
  0x00000227d2edbef0 JavaThread "Signal Dispatcher" daemon [_thread_blocked, id=28032, stack(0x0000003c93800000,0x0000003c93900000)]
  0x00000227d2edc7c0 JavaThread "Attach Listener" daemon [_thread_blocked, id=28036, stack(0x0000003c93900000,0x0000003c93a00000)]
  0x00000227d2edd090 JavaThread "Service Thread" daemon [_thread_blocked, id=28040, stack(0x0000003c93a00000,0x0000003c93b00000)]
  0x00000227d2edd960 JavaThread "Monitor Deflation Thread" daemon [_thread_blocked, id=28556, stack(0x0000003c93b00000,0x0000003c93c00000)]
  0x00000227d2ede610 JavaThread "C2 CompilerThread0" daemon [_thread_blocked, id=28532, stack(0x0000003c93c00000,0x0000003c93d00000)]
  0x00000227d2ee50b0 JavaThread "C1 CompilerThread0" daemon [_thread_blocked, id=28568, stack(0x0000003c93d00000,0x0000003c93e00000)]
  0x00000227f2000080 JavaThread "Sweeper thread" daemon [_thread_blocked, id=28520, stack(0x0000003c93e00000,0x0000003c93f00000)]
  0x00000227f21263a0 JavaThread "Common-Cleaner" daemon [_thread_blocked, id=28188, stack(0x0000003c93f00000,0x0000003c94000000)]
  0x00000227f2125980 JavaThread "Notification Thread" daemon [_thread_blocked, id=28536, stack(0x0000003c94100000,0x0000003c94200000)]
  0x00000227f21268b0 JavaThread "Daemon health stats" [_thread_blocked, id=14748, stack(0x0000003c94000000,0x0000003c94100000)]
  0x00000227f21272d0 JavaThread "Incoming local TCP Connector on port 54814" [_thread_in_native, id=28668, stack(0x0000003c94300000,0x0000003c94400000)]
  0x00000227f2125e90 JavaThread "Daemon periodic checks" [_thread_blocked, id=28628, stack(0x0000003c94900000,0x0000003c94a00000)]
  0x00000227f2127cf0 JavaThread "Daemon" [_thread_blocked, id=11088, stack(0x0000003c94a00000,0x0000003c94b00000)]
  0x00000227f2126dc0 JavaThread "Handler for socket connection from /127.0.0.1:54814 to /127.0.0.1:54815" [_thread_in_native, id=27216, stack(0x0000003c94b00000,0x0000003c94c00000)]
  0x00000227f21277e0 JavaThread "Cancel handler" [_thread_blocked, id=27804, stack(0x0000003c94c00000,0x0000003c94d00000)]
  0x00000227f2128200 JavaThread "Daemon worker" [_thread_in_vm, id=25696, stack(0x0000003c94d00000,0x0000003c94e00000)]
  0x00000227f2124f60 JavaThread "Asynchronous log dispatcher for DefaultDaemonConnection: socket connection from /127.0.0.1:54814 to /127.0.0.1:54815" [_thread_blocked, id=10068, stack(0x0000003c94e00000,0x0000003c94f00000)]
  0x00000227f2125470 JavaThread "Stdin handler" [_thread_blocked, id=4276, stack(0x0000003c94f00000,0x0000003c95000000)]
  0x00000227f3d858f0 JavaThread "Daemon client event forwarder" [_thread_blocked, id=28604, stack(0x0000003c95000000,0x0000003c95100000)]
=>0x00000227f3d86310 JavaThread "Cache worker for journal cache (C:\Users\ASUS\.gradle\caches\journal-1)" [_thread_in_vm, id=28648, stack(0x0000003c95100000,0x0000003c95200000)]
  0x00000227f3d83070 JavaThread "File lock request listener" [_thread_in_native, id=14484, stack(0x0000003c95200000,0x0000003c95300000)]
  0x00000227f3d85e00 JavaThread "Cache worker for file hash cache (C:\Users\ASUS\.gradle\caches\8.14.3\fileHashes)" [_thread_blocked, id=27008, stack(0x0000003c95300000,0x0000003c95400000)]
  0x00000227f3d86d30 JavaThread "File lock release action executor" [_thread_blocked, id=27012, stack(0x0000003c95400000,0x0000003c95500000)]
  0x00000227f3d87240 JavaThread "Cache worker for file hash cache (D:\dating_app\app_react\android\.gradle\8.14.3\fileHashes)" [_thread_blocked, id=23060, stack(0x0000003c95500000,0x0000003c95600000)]
  0x00000227f3d86820 JavaThread "Cache worker for Build Output Cleanup Cache (D:\dating_app\app_react\android\.gradle\buildOutputCleanup)" [_thread_blocked, id=7008, stack(0x0000003c95600000,0x0000003c95700000)]
  0x00000227f3d83a90 JavaThread "File watcher server" daemon [_thread_in_native, id=26316, stack(0x0000003c95b00000,0x0000003c95c00000)]
  0x00000227f3d87750 JavaThread "File watcher consumer" daemon [_thread_blocked, id=14000, stack(0x0000003c95c00000,0x0000003c95d00000)]

Other Threads:
  0x00000227d2ebe1c0 VMThread "VM Thread" [stack: 0x0000003c93500000,0x0000003c93600000] [id=28024]
  0x00000227b4c98d50 WatcherThread [stack: 0x0000003c94200000,0x0000003c94300000] [id=28552]
  0x00000227b4cf5b70 GCTaskThread "GC Thread#0" [stack: 0x0000003c93000000,0x0000003c93100000] [id=27972]
  0x00000227f2664300 GCTaskThread "GC Thread#1" [stack: 0x0000003c94400000,0x0000003c94500000] [id=19892]
  0x00000227f256d640 GCTaskThread "GC Thread#2" [stack: 0x0000003c94500000,0x0000003c94600000] [id=28232]
  0x00000227f256d900 GCTaskThread "GC Thread#3" [stack: 0x0000003c94600000,0x0000003c94700000] [id=23336]
  0x00000227f256dbc0 GCTaskThread "GC Thread#4" [stack: 0x0000003c94700000,0x0000003c94800000] [id=15772]
  0x00000227f256de80 GCTaskThread "GC Thread#5" [stack: 0x0000003c94800000,0x0000003c94900000] [id=19864]
  0x00000227f35cfb80 GCTaskThread "GC Thread#6" [stack: 0x0000003c95700000,0x0000003c95800000] [id=26908]
  0x00000227f35d0c00 GCTaskThread "GC Thread#7" [stack: 0x0000003c95800000,0x0000003c95900000] [id=12268]
  0x00000227b4d069d0 ConcurrentGCThread "G1 Main Marker" [stack: 0x0000003c93100000,0x0000003c93200000] [id=27976]
  0x00000227b4d072f0 ConcurrentGCThread "G1 Conc#0" [stack: 0x0000003c93200000,0x0000003c93300000] [id=27980]
  0x00000227f35d0100 ConcurrentGCThread "G1 Conc#1" [stack: 0x0000003c95900000,0x0000003c95a00000] [id=28424]
  0x00000227b4d5e070 ConcurrentGCThread "G1 Refine#0" [stack: 0x0000003c93300000,0x0000003c93400000] [id=27988]
  0x00000227b4d5e850 ConcurrentGCThread "G1 Service" [stack: 0x0000003c93400000,0x0000003c93500000] [id=28012]

Threads with active compile tasks:

VM state: not at safepoint (normal execution)

VM Mutex/Monitor currently owned by a thread:  ([mutex/lock_event])
[0x00000227b4c91a00] Metaspace_lock - owner thread: 0x00000227f3d86310

Heap address: 0x0000000080000000, size: 2048 MB, Compressed Oops mode: 32-bit

CDS archive(s) mapped at: [0x00000227d3000000-0x00000227d3bd0000-0x00000227d3bd0000), size 12386304, SharedBaseAddress: 0x00000227d3000000, ArchiveRelocationMode: 1.
Compressed class space mapped at: 0x00000227d4000000-0x00000227ee000000, reserved size: 436207616
Narrow klass base: 0x00000227d3000000, Narrow klass shift: 0, Narrow klass range: 0x100000000

GC Precious Log:
 CPUs: 8 total, 8 available
 Memory: 16221M
 Large Page Support: Disabled
 NUMA Support: Disabled
 Compressed Oops: Enabled (32-bit)
 Heap Region Size: 1M
 Heap Min Capacity: 8M
 Heap Initial Capacity: 254M
 Heap Max Capacity: 2G
 Pre-touch: Disabled
 Parallel Workers: 8
 Concurrent Workers: 2
 Concurrent Refinement Workers: 8
 Periodic GC: Disabled

Heap:
 garbage-first heap   total 89088K, used 54481K [0x0000000080000000, 0x0000000100000000)
  region size 1024K, 44 young (45056K), 12 survivors (12288K)
 Metaspace       used 25193K, committed 25472K, reserved 491520K
  class space    used 3701K, committed 3840K, reserved 425984K

Heap Regions: E=young(eden), S=young(survivor), O=old, HS=humongous(starts), HC=humongous(continues), CS=collection set, F=free, OA=open archive, CA=closed archive, TAMS=top-at-mark-start (previous, next)
|   0|0x0000000080000000, 0x0000000080100000, 0x0000000080100000|100%|HS|  |TAMS 0x0000000080100000, 0x0000000080000000| Complete 
|   1|0x0000000080100000, 0x0000000080200000, 0x0000000080200000|100%|HC|  |TAMS 0x0000000080200000, 0x0000000080100000| Complete 
|   2|0x0000000080200000, 0x0000000080300000, 0x0000000080300000|100%|HC|  |TAMS 0x0000000080300000, 0x0000000080200000| Complete 
|   3|0x0000000080300000, 0x0000000080400000, 0x0000000080400000|100%| O|  |TAMS 0x0000000080400000, 0x0000000080300000| Untracked 
|   4|0x0000000080400000, 0x0000000080500000, 0x0000000080500000|100%| O|  |TAMS 0x0000000080500000, 0x0000000080400000| Untracked 
|   5|0x0000000080500000, 0x0000000080600000, 0x0000000080600000|100%| O|  |TAMS 0x0000000080600000, 0x0000000080500000| Untracked 
|   6|0x0000000080600000, 0x0000000080700000, 0x0000000080700000|100%| O|  |TAMS 0x0000000080700000, 0x0000000080600000| Untracked 
|   7|0x0000000080700000, 0x0000000080800000, 0x0000000080800000|100%|HS|  |TAMS 0x0000000080800000, 0x0000000080700000| Complete 
|   8|0x0000000080800000, 0x0000000080800000, 0x0000000080900000|  0%| F|  |TAMS 0x0000000080800000, 0x0000000080800000| Untracked 
|   9|0x0000000080900000, 0x0000000080a00000, 0x0000000080a00000|100%| O|  |TAMS 0x0000000080a00000, 0x0000000080900000| Untracked 
|  10|0x0000000080a00000, 0x0000000080b00000, 0x0000000080b00000|100%| O|  |TAMS 0x0000000080b00000, 0x0000000080a00000| Untracked 
|  11|0x0000000080b00000, 0x0000000080c00000, 0x0000000080c00000|100%| O|  |TAMS 0x0000000080c00000, 0x0000000080b00000| Untracked 
|  12|0x0000000080c00000, 0x0000000080cb8a00, 0x0000000080d00000| 72%| O|  |TAMS 0x0000000080cb8a00, 0x0000000080c00000| Untracked 
|  13|0x0000000080d00000, 0x0000000080d00000, 0x0000000080e00000|  0%| F|  |TAMS 0x0000000080d00000, 0x0000000080d00000| Untracked 
|  14|0x0000000080e00000, 0x0000000080e00000, 0x0000000080f00000|  0%| F|  |TAMS 0x0000000080e00000, 0x0000000080e00000| Untracked 
|  15|0x0000000080f00000, 0x0000000080f00000, 0x0000000081000000|  0%| F|  |TAMS 0x0000000080f00000, 0x0000000080f00000| Untracked 
|  16|0x0000000081000000, 0x0000000081000000, 0x0000000081100000|  0%| F|  |TAMS 0x0000000081000000, 0x0000000081000000| Untracked 
|  17|0x0000000081100000, 0x0000000081100000, 0x0000000081200000|  0%| F|  |TAMS 0x0000000081100000, 0x0000000081100000| Untracked 
|  18|0x0000000081200000, 0x0000000081200000, 0x0000000081300000|  0%| F|  |TAMS 0x0000000081200000, 0x0000000081200000| Untracked 
|  19|0x0000000081300000, 0x0000000081300000, 0x0000000081400000|  0%| F|  |TAMS 0x0000000081300000, 0x0000000081300000| Untracked 
|  20|0x0000000081400000, 0x0000000081400000, 0x0000000081500000|  0%| F|  |TAMS 0x0000000081400000, 0x0000000081400000| Untracked 
|  21|0x0000000081500000, 0x0000000081500000, 0x0000000081600000|  0%| F|  |TAMS 0x0000000081500000, 0x0000000081500000| Untracked 
|  22|0x0000000081600000, 0x0000000081600000, 0x0000000081700000|  0%| F|  |TAMS 0x0000000081600000, 0x0000000081600000| Untracked 
|  23|0x0000000081700000, 0x0000000081700000, 0x0000000081800000|  0%| F|  |TAMS 0x0000000081700000, 0x0000000081700000| Untracked 
|  24|0x0000000081800000, 0x0000000081800000, 0x0000000081900000|  0%| F|  |TAMS 0x0000000081800000, 0x0000000081800000| Untracked 
|  25|0x0000000081900000, 0x0000000081900000, 0x0000000081a00000|  0%| F|  |TAMS 0x0000000081900000, 0x0000000081900000| Untracked 
|  26|0x0000000081a00000, 0x0000000081a00000, 0x0000000081b00000|  0%| F|  |TAMS 0x0000000081a00000, 0x0000000081a00000| Untracked 
|  27|0x0000000081b00000, 0x0000000081b00000, 0x0000000081c00000|  0%| F|  |TAMS 0x0000000081b00000, 0x0000000081b00000| Untracked 
|  28|0x0000000081c00000, 0x0000000081c00000, 0x0000000081d00000|  0%| F|  |TAMS 0x0000000081c00000, 0x0000000081c00000| Untracked 
|  29|0x0000000081d00000, 0x0000000081d00000, 0x0000000081e00000|  0%| F|  |TAMS 0x0000000081d00000, 0x0000000081d00000| Untracked 
|  30|0x0000000081e00000, 0x0000000081e00000, 0x0000000081f00000|  0%| F|  |TAMS 0x0000000081e00000, 0x0000000081e00000| Untracked 
|  31|0x0000000081f00000, 0x0000000081f00000, 0x0000000082000000|  0%| F|  |TAMS 0x0000000081f00000, 0x0000000081f00000| Untracked 
|  32|0x0000000082000000, 0x0000000082000000, 0x0000000082100000|  0%| F|  |TAMS 0x0000000082000000, 0x0000000082000000| Untracked 
|  33|0x0000000082100000, 0x0000000082100000, 0x0000000082200000|  0%| F|  |TAMS 0x0000000082100000, 0x0000000082100000| Untracked 
|  34|0x0000000082200000, 0x0000000082200000, 0x0000000082300000|  0%| F|  |TAMS 0x0000000082200000, 0x0000000082200000| Untracked 
|  35|0x0000000082300000, 0x0000000082300000, 0x0000000082400000|  0%| F|  |TAMS 0x0000000082300000, 0x0000000082300000| Untracked 
|  36|0x0000000082400000, 0x0000000082400000, 0x0000000082500000|  0%| F|  |TAMS 0x0000000082400000, 0x0000000082400000| Untracked 
|  37|0x0000000082500000, 0x0000000082500000, 0x0000000082600000|  0%| F|  |TAMS 0x0000000082500000, 0x0000000082500000| Untracked 
|  38|0x0000000082600000, 0x0000000082600000, 0x0000000082700000|  0%| F|  |TAMS 0x0000000082600000, 0x0000000082600000| Untracked 
|  39|0x0000000082700000, 0x0000000082700000, 0x0000000082800000|  0%| F|  |TAMS 0x0000000082700000, 0x0000000082700000| Untracked 
|  40|0x0000000082800000, 0x0000000082800000, 0x0000000082900000|  0%| F|  |TAMS 0x0000000082800000, 0x0000000082800000| Untracked 
|  41|0x0000000082900000, 0x0000000082900000, 0x0000000082a00000|  0%| F|  |TAMS 0x0000000082900000, 0x0000000082900000| Untracked 
|  42|0x0000000082a00000, 0x0000000082a00000, 0x0000000082b00000|  0%| F|  |TAMS 0x0000000082a00000, 0x0000000082a00000| Untracked 
|  43|0x0000000082b00000, 0x0000000082b7bcf0, 0x0000000082c00000| 48%| E|  |TAMS 0x0000000082b00000, 0x0000000082b00000| Complete 
|  44|0x0000000082c00000, 0x0000000082d00000, 0x0000000082d00000|100%| E|CS|TAMS 0x0000000082c00000, 0x0000000082c00000| Complete 
|  45|0x0000000082d00000, 0x0000000082e00000, 0x0000000082e00000|100%| E|CS|TAMS 0x0000000082d00000, 0x0000000082d00000| Complete 
|  46|0x0000000082e00000, 0x0000000082f00000, 0x0000000082f00000|100%| E|CS|TAMS 0x0000000082e00000, 0x0000000082e00000| Complete 
|  47|0x0000000082f00000, 0x0000000083000000, 0x0000000083000000|100%| E|CS|TAMS 0x0000000082f00000, 0x0000000082f00000| Complete 
|  48|0x0000000083000000, 0x0000000083100000, 0x0000000083100000|100%| E|CS|TAMS 0x0000000083000000, 0x0000000083000000| Complete 
|  49|0x0000000083100000, 0x0000000083200000, 0x0000000083200000|100%| E|CS|TAMS 0x0000000083100000, 0x0000000083100000| Complete 
|  50|0x0000000083200000, 0x0000000083300000, 0x0000000083300000|100%| E|CS|TAMS 0x0000000083200000, 0x0000000083200000| Complete 
|  51|0x0000000083300000, 0x0000000083400000, 0x0000000083400000|100%| E|CS|TAMS 0x0000000083300000, 0x0000000083300000| Complete 
|  52|0x0000000083400000, 0x0000000083500000, 0x0000000083500000|100%| E|CS|TAMS 0x0000000083400000, 0x0000000083400000| Complete 
|  53|0x0000000083500000, 0x0000000083600000, 0x0000000083600000|100%| E|CS|TAMS 0x0000000083500000, 0x0000000083500000| Complete 
|  54|0x0000000083600000, 0x0000000083700000, 0x0000000083700000|100%| E|CS|TAMS 0x0000000083600000, 0x0000000083600000| Complete 
|  55|0x0000000083700000, 0x0000000083800000, 0x0000000083800000|100%| E|CS|TAMS 0x0000000083700000, 0x0000000083700000| Complete 
|  56|0x0000000083800000, 0x0000000083900000, 0x0000000083900000|100%| E|CS|TAMS 0x0000000083800000, 0x0000000083800000| Complete 
|  57|0x0000000083900000, 0x0000000083a00000, 0x0000000083a00000|100%| E|CS|TAMS 0x0000000083900000, 0x0000000083900000| Complete 
|  58|0x0000000083a00000, 0x0000000083b00000, 0x0000000083b00000|100%| E|CS|TAMS 0x0000000083a00000, 0x0000000083a00000| Complete 
|  59|0x0000000083b00000, 0x0000000083c00000, 0x0000000083c00000|100%| E|CS|TAMS 0x0000000083b00000, 0x0000000083b00000| Complete 
|  60|0x0000000083c00000, 0x0000000083d00000, 0x0000000083d00000|100%| E|CS|TAMS 0x0000000083c00000, 0x0000000083c00000| Complete 
|  61|0x0000000083d00000, 0x0000000083e00000, 0x0000000083e00000|100%| E|  |TAMS 0x0000000083d00000, 0x0000000083d00000| Complete 
|  62|0x0000000083e00000, 0x0000000083f00000, 0x0000000083f00000|100%| E|CS|TAMS 0x0000000083e00000, 0x0000000083e00000| Complete 
|  63|0x0000000083f00000, 0x0000000084000000, 0x0000000084000000|100%| E|CS|TAMS 0x0000000083f00000, 0x0000000083f00000| Complete 
|  64|0x0000000084000000, 0x0000000084100000, 0x0000000084100000|100%| E|CS|TAMS 0x0000000084000000, 0x0000000084000000| Complete 
|  65|0x0000000084100000, 0x0000000084200000, 0x0000000084200000|100%| E|CS|TAMS 0x0000000084100000, 0x0000000084100000| Complete 
|  66|0x0000000084200000, 0x0000000084300000, 0x0000000084300000|100%| E|CS|TAMS 0x0000000084200000, 0x0000000084200000| Complete 
|  67|0x0000000084300000, 0x0000000084400000, 0x0000000084400000|100%| E|CS|TAMS 0x0000000084300000, 0x0000000084300000| Complete 
|  68|0x0000000084400000, 0x0000000084500000, 0x0000000084500000|100%| E|CS|TAMS 0x0000000084400000, 0x0000000084400000| Complete 
|  69|0x0000000084500000, 0x0000000084600000, 0x0000000084600000|100%| E|CS|TAMS 0x0000000084500000, 0x0000000084500000| Complete 
|  70|0x0000000084600000, 0x0000000084700000, 0x0000000084700000|100%| E|CS|TAMS 0x0000000084600000, 0x0000000084600000| Complete 
|  71|0x0000000084700000, 0x0000000084800000, 0x0000000084800000|100%| E|CS|TAMS 0x0000000084700000, 0x0000000084700000| Complete 
|  72|0x0000000084800000, 0x0000000084900000, 0x0000000084900000|100%| E|CS|TAMS 0x0000000084800000, 0x0000000084800000| Complete 
| 134|0x0000000088600000, 0x000000008867bb40, 0x0000000088700000| 48%| S|CS|TAMS 0x0000000088600000, 0x0000000088600000| Complete 
| 135|0x0000000088700000, 0x0000000088800000, 0x0000000088800000|100%| S|CS|TAMS 0x0000000088700000, 0x0000000088700000| Complete 
| 136|0x0000000088800000, 0x0000000088900000, 0x0000000088900000|100%| S|CS|TAMS 0x0000000088800000, 0x0000000088800000| Complete 
| 137|0x0000000088900000, 0x0000000088a00000, 0x0000000088a00000|100%| S|CS|TAMS 0x0000000088900000, 0x0000000088900000| Complete 
| 138|0x0000000088a00000, 0x0000000088b00000, 0x0000000088b00000|100%| S|CS|TAMS 0x0000000088a00000, 0x0000000088a00000| Complete 
| 139|0x0000000088b00000, 0x0000000088c00000, 0x0000000088c00000|100%| S|CS|TAMS 0x0000000088b00000, 0x0000000088b00000| Complete 
| 140|0x0000000088c00000, 0x0000000088d00000, 0x0000000088d00000|100%| S|CS|TAMS 0x0000000088c00000, 0x0000000088c00000| Complete 
| 141|0x0000000088d00000, 0x0000000088e00000, 0x0000000088e00000|100%| S|CS|TAMS 0x0000000088d00000, 0x0000000088d00000| Complete 
| 142|0x0000000088e00000, 0x0000000088f00000, 0x0000000088f00000|100%| S|CS|TAMS 0x0000000088e00000, 0x0000000088e00000| Complete 
| 143|0x0000000088f00000, 0x0000000089000000, 0x0000000089000000|100%| S|CS|TAMS 0x0000000088f00000, 0x0000000088f00000| Complete 
| 144|0x0000000089000000, 0x0000000089100000, 0x0000000089100000|100%| S|CS|TAMS 0x0000000089000000, 0x0000000089000000| Complete 
| 145|0x0000000089100000, 0x0000000089200000, 0x0000000089200000|100%| S|CS|TAMS 0x0000000089100000, 0x0000000089100000| Complete 
| 252|0x000000008fc00000, 0x000000008fd00000, 0x000000008fd00000|100%| E|CS|TAMS 0x000000008fc00000, 0x000000008fc00000| Complete 
| 253|0x000000008fd00000, 0x000000008fe00000, 0x000000008fe00000|100%| E|CS|TAMS 0x000000008fd00000, 0x000000008fd00000| Complete 

Card table byte_map: [0x00000227cbc70000,0x00000227cc070000] _byte_map_base: 0x00000227cb870000

Marking Bits (Prev, Next): (CMBitMap*) 0x00000227b4cf60e0, (CMBitMap*) 0x00000227b4cf60a0
 Prev Bits: [0x00000227ce470000, 0x00000227d0470000)
 Next Bits: [0x00000227cc470000, 0x00000227ce470000)

Polling page: 0x00000227b2960000

Metaspace:

Usage:
  Non-class:     20.99 MB used.
      Class:      3.62 MB used.
       Both:     24.60 MB used.

Virtual space:
  Non-class space:       64.00 MB reserved,      21.12 MB ( 33%) committed,  1 nodes.
      Class space:      416.00 MB reserved,       3.75 MB ( <1%) committed,  1 nodes.
             Both:      480.00 MB reserved,      24.88 MB (  5%) committed. 

Chunk freelists:
   Non-Class:  10.86 MB
       Class:  12.27 MB
        Both:  23.13 MB

MaxMetaspaceSize: 512.00 MB
CompressedClassSpaceSize: 416.00 MB
Initial GC threshold: 21.00 MB
Current GC threshold: 35.25 MB
CDS: on
MetaspaceReclaimPolicy: balanced
 - commit_granule_bytes: 65536.
 - commit_granule_words: 8192.
 - virtual_space_node_default_size: 8388608.
 - enlarge_chunks_in_place: 1.
 - new_chunks_are_fully_committed: 0.
 - uncommit_free_chunks: 1.
 - use_allocation_guard: 0.
 - handle_deallocations: 1.


Internal statistics:

num_allocs_failed_limit: 3.
num_arena_births: 346.
num_arena_deaths: 0.
num_vsnodes_births: 2.
num_vsnodes_deaths: 0.
num_space_committed: 398.
num_space_uncommitted: 0.
num_chunks_returned_to_freelist: 3.
num_chunks_taken_from_freelist: 1347.
num_chunk_merges: 3.
num_chunk_splits: 867.
num_chunks_enlarged: 587.
num_inconsistent_stats: 0.

CodeHeap 'non-profiled nmethods': size=120000Kb used=1931Kb max_used=1931Kb free=118068Kb
 bounds [0x00000227c4010000, 0x00000227c4280000, 0x00000227cb540000]
CodeHeap 'profiled nmethods': size=120000Kb used=6824Kb max_used=6824Kb free=113175Kb
 bounds [0x00000227bc540000, 0x00000227bcbf0000, 0x00000227c3a70000]
CodeHeap 'non-nmethods': size=5760Kb used=1252Kb max_used=1349Kb free=4507Kb
 bounds [0x00000227c3a70000, 0x00000227c3ce0000, 0x00000227c4010000]
 total_blobs=3759 nmethods=3199 adapters=472
 compilation: enabled
              stopped_count=0, restarted_count=0
 full_count=0

Compilation events (20 events):
Event: 23.288 Thread 0x00000227d2ee50b0 3190       1       org.gradle.internal.operations.BuildOperationDescriptor::getDetails (5 bytes)
Event: 23.288 Thread 0x00000227d2ee50b0 nmethod 3190 0x00000227c41eff90 code [0x00000227c41f0120, 0x00000227c41f01f8]
Event: 23.288 Thread 0x00000227d2ee50b0 3191       3       org.gradle.internal.logging.slf4j.OutputEventListenerBackedLogger::isLevelAtMost (20 bytes)
Event: 23.289 Thread 0x00000227d2ee50b0 nmethod 3191 0x00000227bcbe2190 code [0x00000227bcbe2340, 0x00000227bcbe2688]
Event: 23.289 Thread 0x00000227d2ee50b0 3192       3       org.gradle.internal.logging.slf4j.OutputEventListenerBackedLoggerContext::getLevel (11 bytes)
Event: 23.289 Thread 0x00000227d2ee50b0 nmethod 3192 0x00000227bcbe2810 code [0x00000227bcbe29a0, 0x00000227bcbe2bd8]
Event: 23.290 Thread 0x00000227d2ee50b0 3193       3       java.io.ObjectStreamField::getTypeCode (9 bytes)
Event: 23.291 Thread 0x00000227d2ee50b0 nmethod 3193 0x00000227bcbe2c90 code [0x00000227bcbe2ea0, 0x00000227bcbe3488]
Event: 23.291 Thread 0x00000227d2ee50b0 3194       1       java.lang.Long::longValue (5 bytes)
Event: 23.291 Thread 0x00000227d2ee50b0 nmethod 3194 0x00000227c41f0290 code [0x00000227c41f0420, 0x00000227c41f04f8]
Event: 23.291 Thread 0x00000227d2ee50b0 3195       3       java.io.ObjectOutputStream$HandleTable::hash (8 bytes)
Event: 23.291 Thread 0x00000227d2ee50b0 nmethod 3195 0x00000227bcbe3710 code [0x00000227bcbe38a0, 0x00000227bcbe39e8]
Event: 23.334 Thread 0x00000227d2ede610 nmethod 3189 0x00000227c41f0590 code [0x00000227c41f07a0, 0x00000227c41f2090]
Event: 23.738 Thread 0x00000227d2ee50b0 3196       3       jdk.internal.org.objectweb.asm.Type::getObjectType (31 bytes)
Event: 23.739 Thread 0x00000227d2ee50b0 nmethod 3196 0x00000227bcbe3a90 code [0x00000227bcbe3cc0, 0x00000227bcbe4558]
Event: 23.740 Thread 0x00000227d2ee50b0 3197       3       java.lang.invoke.LambdaForm$DMH/0x00000227d41b8400::invokeStatic (31 bytes)
Event: 23.740 Thread 0x00000227d2ee50b0 nmethod 3197 0x00000227bcbe4910 code [0x00000227bcbe4ae0, 0x00000227bcbe4f78]
Event: 23.741 Thread 0x00000227d2ee50b0 3198       3       jdk.internal.misc.VM::isSupportedClassFileVersion (39 bytes)
Event: 23.741 Thread 0x00000227d2ee50b0 nmethod 3198 0x00000227bcbe5090 code [0x00000227bcbe5240, 0x00000227bcbe54d8]
Event: 23.741 Thread 0x00000227d2ee50b0 3199       3       jdk.internal.org.objectweb.asm.ClassReader::readConst (276 bytes)

GC Heap History (8 events):
Event: 1.429 GC heap before
{Heap before GC invocations=0 (full 0):
 garbage-first heap   total 260096K, used 23552K [0x0000000080000000, 0x0000000100000000)
  region size 1024K, 23 young (23552K), 0 survivors (0K)
 Metaspace       used 1055K, committed 1216K, reserved 491520K
  class space    used 73K, committed 128K, reserved 425984K
}
Event: 1.517 GC heap after
{Heap after GC invocations=1 (full 0):
 garbage-first heap   total 260096K, used 1927K [0x0000000080000000, 0x0000000100000000)
  region size 1024K, 2 young (2048K), 2 survivors (2048K)
 Metaspace       used 1055K, committed 1216K, reserved 491520K
  class space    used 73K, committed 128K, reserved 425984K
}
Event: 3.201 GC heap before
{Heap before GC invocations=1 (full 0):
 garbage-first heap   total 260096K, used 41863K [0x0000000080000000, 0x0000000100000000)
  region size 1024K, 38 young (38912K), 2 survivors (2048K)
 Metaspace       used 4387K, committed 4544K, reserved 491520K
  class space    used 548K, committed 640K, reserved 425984K
}
Event: 3.205 GC heap after
{Heap after GC invocations=2 (full 0):
 garbage-first heap   total 260096K, used 11268K [0x0000000080000000, 0x0000000100000000)
  region size 1024K, 5 young (5120K), 5 survivors (5120K)
 Metaspace       used 4387K, committed 4544K, reserved 491520K
  class space    used 548K, committed 640K, reserved 425984K
}
Event: 6.189 GC heap before
{Heap before GC invocations=2 (full 0):
 garbage-first heap   total 260096K, used 63492K [0x0000000080000000, 0x0000000100000000)
  region size 1024K, 54 young (55296K), 5 survivors (5120K)
 Metaspace       used 5180K, committed 5376K, reserved 491520K
  class space    used 686K, committed 768K, reserved 425984K
}
Event: 6.194 GC heap after
{Heap after GC invocations=3 (full 0):
 garbage-first heap   total 260096K, used 16713K [0x0000000080000000, 0x0000000100000000)
  region size 1024K, 5 young (5120K), 5 survivors (5120K)
 Metaspace       used 5180K, committed 5376K, reserved 491520K
  class space    used 686K, committed 768K, reserved 425984K
}
Event: 21.417 GC heap before
{Heap before GC invocations=3 (full 0):
 garbage-first heap   total 260096K, used 121161K [0x0000000080000000, 0x0000000100000000)
  region size 1024K, 108 young (110592K), 5 survivors (5120K)
 Metaspace       used 21147K, committed 21504K, reserved 491520K
  class space    used 3078K, committed 3264K, reserved 425984K
}
Event: 21.454 GC heap after
{Heap after GC invocations=4 (full 0):
 garbage-first heap   total 260096K, used 23761K [0x0000000080000000, 0x0000000100000000)
  region size 1024K, 12 young (12288K), 12 survivors (12288K)
 Metaspace       used 21147K, committed 21504K, reserved 491520K
  class space    used 3078K, committed 3264K, reserved 425984K
}

Deoptimization events (20 events):
Event: 22.504 Thread 0x00000227f2128200 Uncommon trap: trap_request=0xffffffc6 fr.pc=0x00000227c40fae58 relative=0x0000000000000db8
Event: 22.504 Thread 0x00000227f2128200 Uncommon trap: reason=bimorphic_or_optimized_type_check action=maybe_recompile pc=0x00000227c40fae58 method=java.util.Properties$LineReader.readLine()I @ 479 c2
Event: 22.504 Thread 0x00000227f2128200 DEOPT PACKING pc=0x00000227c40fae58 sp=0x0000003c94dfaeb0
Event: 22.504 Thread 0x00000227f2128200 DEOPT UNPACKING pc=0x00000227c3ac23a3 sp=0x0000003c94dfae50 mode 2
Event: 22.514 Thread 0x00000227f2128200 Uncommon trap: trap_request=0xffffffcc fr.pc=0x00000227c41b9784 relative=0x0000000000001464
Event: 22.514 Thread 0x00000227f2128200 Uncommon trap: reason=intrinsic_or_type_checked_inlining action=make_not_entrant pc=0x00000227c41b9784 method=java.util.ArrayList.toArray([Ljava/lang/Object;)[Ljava/lang/Object; @ 36 c2
Event: 22.516 Thread 0x00000227f2128200 DEOPT PACKING pc=0x00000227c41b9784 sp=0x0000003c94df9c80
Event: 22.516 Thread 0x00000227f2128200 DEOPT UNPACKING pc=0x00000227c3ac23a3 sp=0x0000003c94df9bd0 mode 2
Event: 23.040 Thread 0x00000227f2128200 Uncommon trap: trap_request=0xffffffde fr.pc=0x00000227c40225a8 relative=0x00000000000001a8
Event: 23.040 Thread 0x00000227f2128200 Uncommon trap: reason=class_check action=maybe_recompile pc=0x00000227c40225a8 method=java.lang.String.equals(Ljava/lang/Object;)Z @ 8 c2
Event: 23.040 Thread 0x00000227f2128200 DEOPT PACKING pc=0x00000227c40225a8 sp=0x0000003c94dfaae0
Event: 23.040 Thread 0x00000227f2128200 DEOPT UNPACKING pc=0x00000227c3ac23a3 sp=0x0000003c94dfaa88 mode 2
Event: 23.121 Thread 0x00000227f2128200 Uncommon trap: trap_request=0xffffffde fr.pc=0x00000227c40225a8 relative=0x00000000000001a8
Event: 23.121 Thread 0x00000227f2128200 Uncommon trap: reason=class_check action=maybe_recompile pc=0x00000227c40225a8 method=java.lang.String.equals(Ljava/lang/Object;)Z @ 8 c2
Event: 23.121 Thread 0x00000227f2128200 DEOPT PACKING pc=0x00000227c40225a8 sp=0x0000003c94dfa810
Event: 23.121 Thread 0x00000227f2128200 DEOPT UNPACKING pc=0x00000227c3ac23a3 sp=0x0000003c94dfa7b8 mode 2
Event: 23.204 Thread 0x00000227f2128200 Uncommon trap: trap_request=0xffffff45 fr.pc=0x00000227c40ebda4 relative=0x0000000000000084
Event: 23.204 Thread 0x00000227f2128200 Uncommon trap: reason=unstable_if action=reinterpret pc=0x00000227c40ebda4 method=jdk.internal.loader.URLClassPath$JarLoader.getResource(Ljava/lang/String;ZLjava/util/Set;)Ljdk/internal/loader/Resource; @ 17 c2
Event: 23.204 Thread 0x00000227f2128200 DEOPT PACKING pc=0x00000227c40ebda4 sp=0x0000003c94df61b0
Event: 23.204 Thread 0x00000227f2128200 DEOPT UNPACKING pc=0x00000227c3ac23a3 sp=0x0000003c94df60f8 mode 2

Classes unloaded (0 events):
No events

Classes redefined (0 events):
No events

Internal exceptions (20 events):
Event: 21.363 Thread 0x00000227f2128200 Exception <a 'java/lang/NoSuchMethodError'{0x0000000089363240}: 'java.lang.Object java.lang.invoke.DirectMethodHandle$Holder.invokeStatic(java.lang.Object, java.lang.Object, java.lang.Object, java.lang.Object, java.lang.Object, java.lang.Object, java.lang.Object, java.lang.Object, java.lang.Object, java.lang.Object, java.lang.Object, java.lang.Object, java.lang.Object, java.lang.Object, java.lang.Object, java.lang.Object, java.lang.Object, java.lang.Object, java.lang.Object, java.lang.Object, java.lang.Obj
Event: 21.376 Thread 0x00000227f2128200 Exception <a 'java/lang/NoSuchMethodError'{0x0000000089392dc0}: 'java.lang.Object java.lang.invoke.DirectMethodHandle$Holder.invokeStatic(java.lang.Object, java.lang.Object, java.lang.Object, java.lang.Object, java.lang.Object, java.lang.Object, java.lang.Object, java.lang.Object, java.lang.Object, java.lang.Object, java.lang.Object, java.lang.Object, java.lang.Object, java.lang.Object, java.lang.Object, java.lang.Object, java.lang.Object, java.lang.Object, java.lang.Object, java.lang.Object, java.lang.Obj
Event: 21.380 Thread 0x00000227f2128200 Exception <a 'java/lang/NoSuchMethodError'{0x00000000893c32f0}: 'java.lang.Object java.lang.invoke.DirectMethodHandle$Holder.invokeStatic(java.lang.Object, java.lang.Object, java.lang.Object, java.lang.Object, java.lang.Object, java.lang.Object, java.lang.Object, java.lang.Object, java.lang.Object, java.lang.Object, java.lang.Object, java.lang.Object, java.lang.Object, java.lang.Object, java.lang.Object, java.lang.Object, java.lang.Object, java.lang.Object, java.lang.Object, java.lang.Object, java.lang.Obj
Event: 21.383 Thread 0x00000227f2128200 Exception <a 'java/lang/NoSuchMethodError'{0x00000000893f4760}: 'java.lang.Object java.lang.invoke.DirectMethodHandle$Holder.invokeStatic(java.lang.Object, java.lang.Object, java.lang.Object, java.lang.Object, java.lang.Object, java.lang.Object, java.lang.Object, java.lang.Object, java.lang.Object, java.lang.Object, java.lang.Object, java.lang.Object, java.lang.Object, java.lang.Object, java.lang.Object, java.lang.Object, java.lang.Object, java.lang.Object, java.lang.Object, java.lang.Object, java.lang.Obj
Event: 21.386 Thread 0x00000227f2128200 Exception <a 'java/lang/NoSuchMethodError'{0x0000000089227d70}: 'java.lang.Object java.lang.invoke.DirectMethodHandle$Holder.invokeStatic(java.lang.Object, java.lang.Object, java.lang.Object, java.lang.Object, java.lang.Object, java.lang.Object, java.lang.Object, java.lang.Object, java.lang.Object, java.lang.Object, java.lang.Object, java.lang.Object, java.lang.Object, java.lang.Object, java.lang.Object, java.lang.Object, java.lang.Object, java.lang.Object, java.lang.Object, java.lang.Object, java.lang.Obj
Event: 21.535 Thread 0x00000227f2128200 Exception <a 'java/lang/NoSuchMethodError'{0x000000008fc53030}: 'java.lang.Object java.lang.invoke.DirectMethodHandle$Holder.invokeStaticInit(java.lang.Object, java.lang.Object, java.lang.Object, java.lang.Object)'> (0x000000008fc53030) 
thrown [s\open\src\hotspot\share\interpreter\linkResolver.cpp, line 759]
Event: 21.597 Thread 0x00000227f2128200 Exception <a 'java/lang/NoSuchMethodError'{0x000000008470e5f0}: 'java.lang.Object java.lang.invoke.DirectMethodHandle$Holder.newInvokeSpecial(java.lang.Object, java.lang.Object, java.lang.Object, java.lang.Object, java.lang.Object, java.lang.Object, java.lang.Object, java.lang.Object)'> (0x000000008470e5f0) 
thrown [s\open\src\hotspot\share\interpreter\linkResolver.cpp, line 759]
Event: 21.598 Thread 0x00000227f2128200 Exception <a 'java/lang/NoSuchMethodError'{0x0000000084713ff8}: 'java.lang.Object java.lang.invoke.DirectMethodHandle$Holder.invokeSpecial(java.lang.Object, java.lang.Object, java.lang.Object, java.lang.Object, java.lang.Object, java.lang.Object, java.lang.Object, java.lang.Object, java.lang.Object)'> (0x0000000084713ff8) 
thrown [s\open\src\hotspot\share\interpreter\linkResolver.cpp, line 759]
Event: 21.598 Thread 0x00000227f2128200 Exception <a 'java/lang/NoSuchMethodError'{0x00000000847193a8}: 'java.lang.Object java.lang.invoke.Invokers$Holder.linkToTargetMethod(java.lang.Object, java.lang.Object, java.lang.Object, java.lang.Object, java.lang.Object, java.lang.Object, java.lang.Object, java.lang.Object)'> (0x00000000847193a8) 
thrown [s\open\src\hotspot\share\interpreter\linkResolver.cpp, line 759]
Event: 21.697 Thread 0x00000227f2128200 Exception <a 'java/lang/NoSuchMethodError'{0x0000000084532088}: 'void java.lang.invoke.DirectMethodHandle$Holder.invokeStaticInit(java.lang.Object, java.lang.Object)'> (0x0000000084532088) 
thrown [s\open\src\hotspot\share\interpreter\linkResolver.cpp, line 759]
Event: 22.056 Thread 0x00000227f2128200 Exception <a 'java/lang/NoSuchMethodError'{0x0000000083f06d00}: 'int java.lang.invoke.DirectMethodHandle$Holder.invokeVirtual(java.lang.Object, java.lang.Object)'> (0x0000000083f06d00) 
thrown [s\open\src\hotspot\share\interpreter\linkResolver.cpp, line 759]
Event: 22.133 Thread 0x00000227f3d858f0 Exception <a 'java/lang/NoSuchMethodError'{0x000000008fd88c78}: static Lorg/gradle/internal/build/event/types/DefaultOperationFinishedProgressEvent;.<clinit>()V> (0x000000008fd88c78) 
thrown [s\open\src\hotspot\share\prims\jni.cpp, line 1107]
Event: 22.136 Thread 0x00000227f3d858f0 Exception <a 'java/lang/NoSuchMethodError'{0x000000008fda0c60}: static Lorg/gradle/internal/build/event/types/DefaultSuccessResult;.<clinit>()V> (0x000000008fda0c60) 
thrown [s\open\src\hotspot\share\prims\jni.cpp, line 1107]
Event: 22.136 Thread 0x00000227f3d858f0 Exception <a 'java/lang/NoSuchMethodError'{0x000000008fda1950}: static Lorg/gradle/internal/build/event/types/AbstractOperationResult;.<clinit>()V> (0x000000008fda1950) 
thrown [s\open\src\hotspot\share\prims\jni.cpp, line 1107]
Event: 22.136 Thread 0x00000227f3d858f0 Exception <a 'java/lang/NoSuchMethodError'{0x000000008fda2910}: static Lorg/gradle/internal/build/event/types/AbstractResult;.<clinit>()V> (0x000000008fda2910) 
thrown [s\open\src\hotspot\share\prims\jni.cpp, line 1107]
Event: 22.149 Thread 0x00000227f2128200 Exception <a 'java/lang/NoSuchMethodError'{0x0000000083e3ddc0}: 'java.lang.Object java.lang.invoke.DirectMethodHandle$Holder.newInvokeSpecial(java.lang.Object, java.lang.Object, java.lang.Object, int)'> (0x0000000083e3ddc0) 
thrown [s\open\src\hotspot\share\interpreter\linkResolver.cpp, line 759]
Event: 22.149 Thread 0x00000227f2128200 Exception <a 'java/lang/NoSuchMethodError'{0x0000000083e42448}: 'java.lang.Object java.lang.invoke.DirectMethodHandle$Holder.invokeSpecial(java.lang.Object, java.lang.Object, java.lang.Object, java.lang.Object, int)'> (0x0000000083e42448) 
thrown [s\open\src\hotspot\share\interpreter\linkResolver.cpp, line 759]
Event: 22.150 Thread 0x00000227f2128200 Exception <a 'java/lang/NoSuchMethodError'{0x0000000083e462b8}: 'java.lang.Object java.lang.invoke.Invokers$Holder.linkToTargetMethod(java.lang.Object, java.lang.Object, int, java.lang.Object)'> (0x0000000083e462b8) 
thrown [s\open\src\hotspot\share\interpreter\linkResolver.cpp, line 759]
Event: 22.170 Thread 0x00000227f2128200 Exception <a 'java/lang/NoSuchMethodError'{0x0000000083e73028}: 'java.lang.Object java.lang.invoke.DirectMethodHandle$Holder.invokeStatic(java.lang.Object, java.lang.Object, int, java.lang.Object)'> (0x0000000083e73028) 
thrown [s\open\src\hotspot\share\interpreter\linkResolver.cpp, line 759]
Event: 23.267 Thread 0x00000227f2128200 Exception <a 'java/lang/IncompatibleClassChangeError'{0x0000000082c180b0}: Found class java.lang.Object, but interface was expected> (0x0000000082c180b0) 
thrown [s\open\src\hotspot\share\interpreter\linkResolver.cpp, line 826]

VM Operations (20 events):
Event: 18.490 Executing VM operation: HandshakeAllThreads
Event: 18.490 Executing VM operation: HandshakeAllThreads done
Event: 19.495 Executing VM operation: Cleanup
Event: 19.497 Executing VM operation: Cleanup done
Event: 20.498 Executing VM operation: Cleanup
Event: 20.498 Executing VM operation: Cleanup done
Event: 21.118 Executing VM operation: HandshakeAllThreads
Event: 21.118 Executing VM operation: HandshakeAllThreads done
Event: 21.416 Executing VM operation: CollectForMetadataAllocation
Event: 21.454 Executing VM operation: CollectForMetadataAllocation done
Event: 21.517 Executing VM operation: G1Concurrent
Event: 21.531 Executing VM operation: G1Concurrent done
Event: 21.534 Executing VM operation: G1Concurrent
Event: 21.545 Executing VM operation: G1Concurrent done
Event: 22.545 Executing VM operation: HandshakeAllThreads
Event: 22.545 Executing VM operation: HandshakeAllThreads done
Event: 22.545 Executing VM operation: Cleanup
Event: 22.546 Executing VM operation: Cleanup done
Event: 23.271 Executing VM operation: HandshakeAllThreads
Event: 23.271 Executing VM operation: HandshakeAllThreads done

Events (20 events):
Event: 22.044 loading class java/io/InterruptedIOException
Event: 22.048 loading class java/io/InterruptedIOException done
Event: 22.051 Thread 0x00000227f3d87750 Thread added: 0x00000227f3d87750
Event: 22.114 Thread 0x00000227f58a3030 Thread exited: 0x00000227f58a3030
Event: 22.123 loading class java/util/ArrayDeque$DeqSpliterator
Event: 22.123 loading class java/util/ArrayDeque$DeqSpliterator done
Event: 22.405 Thread 0x00000227f41ed810 Thread added: 0x00000227f41ed810
Event: 22.467 loading class java/lang/StringIndexOutOfBoundsException
Event: 22.468 loading class java/lang/StringIndexOutOfBoundsException done
Event: 22.692 Thread 0x00000227f41ed810 Thread exited: 0x00000227f41ed810
Event: 23.136 loading class java/io/StringReader
Event: 23.136 loading class java/io/StringReader done
Event: 23.178 Thread 0x00000227f42d0030 Thread added: 0x00000227f42d0030
Event: 23.205 loading class java/util/zip/ZipFile$ZipEntryIterator
Event: 23.205 loading class java/util/zip/ZipFile$ZipEntryIterator done
Event: 23.218 loading class java/math/MutableBigInteger
Event: 23.219 loading class java/math/MutableBigInteger done
Event: 23.289 loading class sun/nio/fs/WindowsPath$1
Event: 23.290 loading class sun/nio/fs/WindowsPath$1 done
Event: 23.738 Thread 0x00000227f42d0030 Thread exited: 0x00000227f42d0030


Dynamic libraries:
0x00007ff6c0d30000 - 0x00007ff6c0d40000 	C:\Program Files\Java\jdk-17\bin\java.exe
0x00007ffb4fca0000 - 0x00007ffb4ff06000 	C:\WINDOWS\SYSTEM32\ntdll.dll
0x00007ffb4f500000 - 0x00007ffb4f5c9000 	C:\WINDOWS\System32\KERNEL32.DLL
0x00007ffb4d030000 - 0x00007ffb4d42e000 	C:\WINDOWS\System32\KERNELBASE.dll
0x00007ffb4d500000 - 0x00007ffb4d64c000 	C:\WINDOWS\System32\ucrtbase.dll
0x00007ffb2e870000 - 0x00007ffb2e88b000 	C:\Program Files\Java\jdk-17\bin\VCRUNTIME140.dll
0x00007ffb2e890000 - 0x00007ffb2e8a9000 	C:\Program Files\Java\jdk-17\bin\jli.dll
0x00007ffb4f440000 - 0x00007ffb4f4f7000 	C:\WINDOWS\System32\ADVAPI32.dll
0x00007ffb4f9b0000 - 0x00007ffb4fa59000 	C:\WINDOWS\System32\msvcrt.dll
0x00007ffb4f1f0000 - 0x00007ffb4f29a000 	C:\WINDOWS\System32\sechost.dll
0x00007ffb4f0b0000 - 0x00007ffb4f1c8000 	C:\WINDOWS\System32\RPCRT4.dll
0x00007ffb4f7e0000 - 0x00007ffb4f9a7000 	C:\WINDOWS\System32\USER32.dll
0x00007ffb4d660000 - 0x00007ffb4d687000 	C:\WINDOWS\System32\win32u.dll
0x00007ffb355c0000 - 0x00007ffb35852000 	C:\WINDOWS\WinSxS\amd64_microsoft.windows.common-controls_6595b64144ccf1df_6.0.26100.8894_none_3e0f749ee32e02ea\COMCTL32.dll
0x00007ffb4ede0000 - 0x00007ffb4ee0b000 	C:\WINDOWS\System32\GDI32.dll
0x00007ffb4d8a0000 - 0x00007ffb4d9ca000 	C:\WINDOWS\System32\gdi32full.dll
0x00007ffb4cec0000 - 0x00007ffb4cf63000 	C:\WINDOWS\System32\msvcp_win.dll
0x00007ffb45ad0000 - 0x00007ffb45adb000 	C:\WINDOWS\SYSTEM32\VERSION.dll
0x00007ffb4e0f0000 - 0x00007ffb4e122000 	C:\WINDOWS\System32\IMM32.DLL
0x00007ffb3ec50000 - 0x00007ffb3ec5c000 	C:\Program Files\Java\jdk-17\bin\vcruntime140_1.dll
0x00007ffaac310000 - 0x00007ffaac39e000 	C:\Program Files\Java\jdk-17\bin\msvcp140.dll
0x00007ffa71240000 - 0x00007ffa71e1f000 	C:\Program Files\Java\jdk-17\bin\server\jvm.dll
0x00007ffb4f7d0000 - 0x00007ffb4f7d8000 	C:\WINDOWS\System32\PSAPI.DLL
0x00007ffb2e860000 - 0x00007ffb2e86a000 	C:\WINDOWS\SYSTEM32\WSOCK32.dll
0x00007ffb39740000 - 0x00007ffb39776000 	C:\WINDOWS\SYSTEM32\WINMM.dll
0x00007ffb4ee30000 - 0x00007ffb4eeb0000 	C:\WINDOWS\System32\WS2_32.dll
0x00007ffb4bb70000 - 0x00007ffb4bb8b000 	C:\WINDOWS\SYSTEM32\kernel.appcore.dll
0x00007ffb2bd40000 - 0x00007ffb2bd4a000 	C:\Program Files\Java\jdk-17\bin\jimage.dll
0x00007ffb4a600000 - 0x00007ffb4a842000 	C:\WINDOWS\SYSTEM32\DBGHELP.DLL
0x00007ffb4dd60000 - 0x00007ffb4e0e3000 	C:\WINDOWS\System32\combase.dll
0x00007ffb4eed0000 - 0x00007ffb4efa9000 	C:\WINDOWS\System32\OLEAUT32.dll
0x00007ffb32900000 - 0x00007ffb3293b000 	C:\WINDOWS\SYSTEM32\dbgcore.DLL
0x00007ffb4d440000 - 0x00007ffb4d4ec000 	C:\WINDOWS\System32\bcryptPrimitives.dll
0x00007ffb29de0000 - 0x00007ffb29dee000 	C:\Program Files\Java\jdk-17\bin\instrument.dll
0x00007ffad5300000 - 0x00007ffad5325000 	C:\Program Files\Java\jdk-17\bin\java.dll
0x00007ffaa43f0000 - 0x00007ffaa44c7000 	C:\Program Files\Java\jdk-17\bin\jsvml.dll
0x00007ffb4e5c0000 - 0x00007ffb4ed52000 	C:\WINDOWS\System32\SHELL32.dll
0x00007ffb4a940000 - 0x00007ffb4b1d2000 	C:\WINDOWS\SYSTEM32\windows.storage.dll
0x00007ffb4efb0000 - 0x00007ffb4f0a7000 	C:\WINDOWS\System32\SHCORE.dll
0x00007ffb4fbf0000 - 0x00007ffb4fc57000 	C:\WINDOWS\System32\shlwapi.dll
0x00007ffb4cde0000 - 0x00007ffb4ce09000 	C:\WINDOWS\SYSTEM32\profapi.dll
0x00007ffb24740000 - 0x00007ffb24758000 	C:\Program Files\Java\jdk-17\bin\zip.dll
0x00007ffb24630000 - 0x00007ffb24649000 	C:\Program Files\Java\jdk-17\bin\net.dll
0x00007ffb44c80000 - 0x00007ffb44da7000 	C:\WINDOWS\SYSTEM32\WINHTTP.dll
0x00007ffb4c150000 - 0x00007ffb4c1bc000 	C:\WINDOWS\system32\mswsock.dll
0x00007ffb14440000 - 0x00007ffb14456000 	C:\Program Files\Java\jdk-17\bin\nio.dll
0x00007ffb12410000 - 0x00007ffb12420000 	C:\Program Files\Java\jdk-17\bin\verify.dll
0x00007ffadc960000 - 0x00007ffadc987000 	C:\Users\ASUS\.gradle\native\1def1411415f61bf3af743bc5b6707747c0891f09f0c88961ee8f79bc544acac\windows-amd64\native-platform.dll
0x00007ffa9e4c0000 - 0x00007ffa9e538000 	C:\Users\ASUS\.gradle\native\0.2.7\x86_64-windows-gnu\gradle-fileevents.dll
0x00007ffb11ed0000 - 0x00007ffb11eda000 	C:\Program Files\Java\jdk-17\bin\management.dll
0x00007ffb11ec0000 - 0x00007ffb11ecb000 	C:\Program Files\Java\jdk-17\bin\management_ext.dll
0x00007ffb4b510000 - 0x00007ffb4b543000 	C:\WINDOWS\SYSTEM32\IPHLPAPI.DLL
0x00007ffb4f5d0000 - 0x00007ffb4f5da000 	C:\WINDOWS\System32\NSI.dll
0x00007ffb44820000 - 0x00007ffb4483d000 	C:\WINDOWS\SYSTEM32\dhcpcsvc6.DLL
0x00007ffb44370000 - 0x00007ffb44395000 	C:\WINDOWS\SYSTEM32\dhcpcsvc.DLL
0x00007ffb4b5a0000 - 0x00007ffb4b6f6000 	C:\WINDOWS\SYSTEM32\DNSAPI.dll
0x00007ffb4bf10000 - 0x00007ffb4bf1d000 	C:\WINDOWS\SYSTEM32\DSPARSE.dll
0x00007ffb4c450000 - 0x00007ffb4c46b000 	C:\WINDOWS\SYSTEM32\CRYPTSP.dll
0x00007ffb4bad0000 - 0x00007ffb4bb09000 	C:\WINDOWS\system32\rsaenh.dll
0x00007ffb4c210000 - 0x00007ffb4c242000 	C:\WINDOWS\SYSTEM32\USERENV.dll
0x00007ffb4cdb0000 - 0x00007ffb4cdda000 	C:\WINDOWS\SYSTEM32\bcrypt.dll
0x00007ffb4c470000 - 0x00007ffb4c47c000 	C:\WINDOWS\SYSTEM32\CRYPTBASE.dll
0x00007ffb10740000 - 0x00007ffb1074e000 	C:\Program Files\Java\jdk-17\bin\sunmscapi.dll
0x00007ffb4d690000 - 0x00007ffb4d808000 	C:\WINDOWS\System32\CRYPT32.dll
0x00007ffb4c690000 - 0x00007ffb4c6c0000 	C:\WINDOWS\SYSTEM32\ncrypt.dll
0x00007ffb4c640000 - 0x00007ffb4c67f000 	C:\WINDOWS\SYSTEM32\NTASN1.dll
0x00007ffadd6e0000 - 0x00007ffadd6e8000 	C:\WINDOWS\system32\wshunix.dll

dbghelp: loaded successfully - version: 4.0.5 - missing functions: none
symbol engine: initialized successfully - sym options: 0x614 - pdb path: .;C:\Program Files\Java\jdk-17\bin;C:\WINDOWS\SYSTEM32;C:\WINDOWS\WinSxS\amd64_microsoft.windows.common-controls_6595b64144ccf1df_6.0.26100.8894_none_3e0f749ee32e02ea;C:\Program Files\Java\jdk-17\bin\server;C:\Users\ASUS\.gradle\native\1def1411415f61bf3af743bc5b6707747c0891f09f0c88961ee8f79bc544acac\windows-amd64;C:\Users\ASUS\.gradle\native\0.2.7\x86_64-windows-gnu

VM Arguments:
jvm_args: --add-opens=java.base/java.lang=ALL-UNNAMED --add-opens=java.base/java.lang.invoke=ALL-UNNAMED --add-opens=java.base/java.util=ALL-UNNAMED --add-opens=java.prefs/java.util.prefs=ALL-UNNAMED --add-exports=jdk.compiler/com.sun.tools.javac.api=ALL-UNNAMED --add-exports=jdk.compiler/com.sun.tools.javac.util=ALL-UNNAMED --add-opens=java.base/java.util=ALL-UNNAMED --add-opens=java.prefs/java.util.prefs=ALL-UNNAMED --add-opens=java.base/java.nio.charset=ALL-UNNAMED --add-opens=java.base/java.net=ALL-UNNAMED --add-opens=java.base/java.util.concurrent.atomic=ALL-UNNAMED --add-opens=java.xml/javax.xml.namespace=ALL-UNNAMED -XX:MaxMetaspaceSize=512m -Xmx2048m -Dfile.encoding=UTF-8 -Duser.country=US -Duser.language=en -Duser.variant -javaagent:C:\Users\ASUS\.gradle\wrapper\dists\gradle-8.14.3-bin\cv11ve7ro1n3o1j4so8xd9n66\gradle-8.14.3\lib\agents\gradle-instrumentation-agent-8.14.3.jar 
java_command: org.gradle.launcher.daemon.bootstrap.GradleDaemon 8.14.3
java_class_path (initial): C:\Users\ASUS\.gradle\wrapper\dists\gradle-8.14.3-bin\cv11ve7ro1n3o1j4so8xd9n66\gradle-8.14.3\lib\gradle-daemon-main-8.14.3.jar
Launcher Type: SUN_STANDARD

[Global flags]
     intx CICompilerCount                          = 4                                         {product} {ergonomic}
   size_t CompressedClassSpaceSize                 = 436207616                                 {product} {ergonomic}
     uint ConcGCThreads                            = 2                                         {product} {ergonomic}
     uint G1ConcRefinementThreads                  = 8                                         {product} {ergonomic}
   size_t G1HeapRegionSize                         = 1048576                                   {product} {ergonomic}
    uintx GCDrainStackTargetSize                   = 64                                        {product} {ergonomic}
   size_t InitialHeapSize                          = 266338304                                 {product} {ergonomic}
   size_t MarkStackSize                            = 4194304                                   {product} {ergonomic}
   size_t MaxHeapSize                              = 2147483648                                {product} {command line}
   size_t MaxMetaspaceSize                         = 536870912                                 {product} {command line}
   size_t MaxNewSize                               = 1287651328                                {product} {ergonomic}
   size_t MinHeapDeltaBytes                        = 1048576                                   {product} {ergonomic}
   size_t MinHeapSize                              = 8388608                                   {product} {ergonomic}
    uintx NonNMethodCodeHeapSize                   = 5839372                                {pd product} {ergonomic}
    uintx NonProfiledCodeHeapSize                  = 122909434                              {pd product} {ergonomic}
    uintx ProfiledCodeHeapSize                     = 122909434                              {pd product} {ergonomic}
    uintx ReservedCodeCacheSize                    = 251658240                              {pd product} {ergonomic}
     bool SegmentedCodeCache                       = true                                      {product} {ergonomic}
   size_t SoftMaxHeapSize                          = 2147483648                             {manageable} {ergonomic}
     bool UseCompressedClassPointers               = true                           {product lp64_product} {ergonomic}
     bool UseCompressedOops                        = true                           {product lp64_product} {ergonomic}
     bool UseG1GC                                  = true                                      {product} {ergonomic}
     bool UseLargePagesIndividualAllocation        = false                                  {pd product} {ergonomic}

Logging:
Log output configuration:
 #0: stdout all=warning uptime,level,tags
 #1: stderr all=off uptime,level,tags

Environment Variables:
JAVA_HOME=C:\Program Files\Java\jdk-17
PATH=C:\Program Files\Common Files\Oracle\Java\javapath;C:\Python312\Scripts\;C:\Python312\;C:\Program Files (x86)\Common Files\Oracle\Java\javapath;C:\Python310\Scripts\;C:\Python310\;C:\Windows\system32;C:\Windows;C:\Windows\System32\Wbem;C:\Windows\System32\WindowsPowerShell\v1.0\;C:\Windows\System32\OpenSSH\;C:\Program Files (x86)\NVIDIA Corporation\PhysX\Common;C:\Program Files\NVIDIA Corporation\NVIDIA NvDLISR;C:\Program Files\dotnet\;C:\WINDOWS\system32;C:\WINDOWS;C:\WINDOWS\System32\Wbem;C:\WINDOWS\System32\WindowsPowerShell\v1.0\;C:\WINDOWS\System32\OpenSSH\;C:\Program Files\Git\cmd;C:\ProgramData\chocolatey\bin;C:\Program Files\gradle-6.5.1-bin\gradle-6.5.1\bin;C:\Program Files\Java\jdk1.8.0_202\bin;C:\Program Files\Microsoft SQL Server\150\Tools\Binn\;C:\Program Files\Microsoft SQL Server\Client SDK\ODBC\170\Tools\Binn\;C:\Program Files\MongoDB\Server\5.0\bin;C:\Program Files\nodejs\;C:\Program Files\Memurai\;C:\redis;C:\Users\ASUS\AppData\Local\Microsoft\WindowsApps;C:\Users\ASUS\AppData\Local\Programs\Microsoft VS Code\bin;C:\Users\ASUS\AppData\Local\Android\Sdk\platforms;C:\Users\ASUS\AppData\Local\Android\Sdk\platform-tools;C:\src\flutter\bin;C:\Users\ASUS\.dotnet\tools;C:\Program Files (x86)\MongoDB Atlas CLI\;C:\Users\ASUS\AppData\Roaming\npm;C:\Program Files\PostgreSQL\18\bin;
USERNAME=ASUS
OS=Windows_NT
PROCESSOR_IDENTIFIER=Intel64 Family 6 Model 165 Stepping 2, GenuineIntel



---------------  S Y S T E M  ---------------

OS:
 Windows 11 , 64 bit Build 26100 (10.0.26100.8875)
OS uptime: 0 days 2:19 hours
Hyper-V role detected

CPU: total 8 (initial active 8) (4 cores per cpu, 2 threads per core) family 6 model 165 stepping 2 microcode 0xe0, cx8, cmov, fxsr, ht, mmx, 3dnowpref, sse, sse2, sse3, ssse3, sse4.1, sse4.2, popcnt, lzcnt, tsc, tscinvbit, avx, avx2, aes, erms, clmul, bmi1, bmi2, adx, fma, vzeroupper, clflush, clflushopt, hv

Memory: 4k page, system-wide physical 16221M (657M free)
TotalPageFile size 28658M (AvailPageFile size 252M)
current process WorkingSet (physical memory assigned to process): 173M, peak: 242M
current process commit charge ("private bytes"): 246M, peak: 424M

vm_info: Java HotSpot(TM) 64-Bit Server VM (17.0.10+11-LTS-240) for windows-amd64 JRE (17.0.10+11-LTS-240), built on Dec 19 2023 21:47:25 by "mach5one" with MS VC++ 17.1 (VS2022)

END.
