#
# There is insufficient memory for the Java Runtime Environment to continue.
# Native memory allocation (malloc) failed to allocate 1058896 bytes for Chunk::new
# Possible reasons:
#   The system is out of physical RAM or swap space
#   The process is running with CompressedOops enabled, and the Java Heap may be blocking the growth of the native heap
# Possible solutions:
#   Reduce memory load on the system
#   Increase physical memory or swap space
#   Check if swap backing store is full
#   Decrease Java heap size (-Xmx/-Xms)
#   Decrease number of Java threads
#   Decrease Java thread stack sizes (-Xss)
#   Set larger code cache with -XX:ReservedCodeCacheSize=
#   JVM is running with Unscaled Compressed Oops mode in which the Java heap is
#     placed in the first 4GB address space. The Java Heap base address is the
#     maximum limit for the native heap growth. Please use -XX:HeapBaseMinAddress
#     to set the Java Heap base and to place the Java Heap above 4GB virtual address.
# This output file may be truncated or incomplete.
#
#  Out of Memory Error (arena.cpp:189), pid=25172, tid=23748
#
# JRE version: Java(TM) SE Runtime Environment (17.0.10+11) (build 17.0.10+11-LTS-240)
# Java VM: Java HotSpot(TM) 64-Bit Server VM (17.0.10+11-LTS-240, mixed mode, sharing, tiered, compressed oops, compressed class ptrs, g1 gc, windows-amd64)
# No core dump will be written. Minidumps are not enabled by default on client versions of Windows
#

---------------  S U M M A R Y ------------

Command Line: --add-opens=java.base/java.lang=ALL-UNNAMED --add-opens=java.base/java.lang.invoke=ALL-UNNAMED --add-opens=java.base/java.util=ALL-UNNAMED --add-opens=java.prefs/java.util.prefs=ALL-UNNAMED --add-exports=jdk.compiler/com.sun.tools.javac.api=ALL-UNNAMED --add-exports=jdk.compiler/com.sun.tools.javac.util=ALL-UNNAMED --add-opens=java.base/java.util=ALL-UNNAMED --add-opens=java.prefs/java.util.prefs=ALL-UNNAMED --add-opens=java.base/java.nio.charset=ALL-UNNAMED --add-opens=java.base/java.net=ALL-UNNAMED --add-opens=java.base/java.util.concurrent.atomic=ALL-UNNAMED --add-opens=java.xml/javax.xml.namespace=ALL-UNNAMED -XX:MaxMetaspaceSize=512m -Xmx2048m -Dfile.encoding=UTF-8 -Duser.country=US -Duser.language=en -Duser.variant -javaagent:C:\Users\ASUS\.gradle\wrapper\dists\gradle-8.14.3-bin\cv11ve7ro1n3o1j4so8xd9n66\gradle-8.14.3\lib\agents\gradle-instrumentation-agent-8.14.3.jar org.gradle.launcher.daemon.bootstrap.GradleDaemon 8.14.3

Host: Intel(R) Core(TM) i5-10300H CPU @ 2.50GHz, 8 cores, 15G,  Windows 11 , 64 bit Build 26100 (10.0.26100.8875)
Time: Tue Jul 21 18:23:52 2026 India Standard Time elapsed time: 56.005841 seconds (0d 0h 0m 56s)

---------------  T H R E A D  ---------------

Current thread (0x00000251328a0aa0):  JavaThread "C2 CompilerThread0" daemon [_thread_in_native, id=23748, stack(0x00000059a5b00000,0x00000059a5c00000)]


Current CompileTask:
C2:  56005 18348 %     4       org.jetbrains.org.objectweb.asm.ClassReader::accept @ 194 (1380 bytes)

Stack: [0x00000059a5b00000,0x00000059a5c00000]
Native frames: (J=compiled Java code, j=interpreted, Vv=VM code, C=native code)
V  [jvm.dll+0x677a5a]
V  [jvm.dll+0x7d8b2d]
V  [jvm.dll+0x7da48e]
V  [jvm.dll+0x7daaf3]
V  [jvm.dll+0x2455ff]
V  [jvm.dll+0xaaafb]
V  [jvm.dll+0xab09c]
V  [jvm.dll+0x2aafef]
V  [jvm.dll+0x57fd55]
V  [jvm.dll+0x220472]
V  [jvm.dll+0x22084f]
V  [jvm.dll+0x2197a6]
V  [jvm.dll+0x216c79]
V  [jvm.dll+0x1a3410]
V  [jvm.dll+0x226aeb]
V  [jvm.dll+0x224cab]
V  [jvm.dll+0x78e45c]
V  [jvm.dll+0x78888a]
V  [jvm.dll+0x676935]
C  [ucrtbase.dll+0x2cd30]
C  [KERNEL32.DLL+0x2e957]
C  [ntdll.dll+0xaad6c]


---------------  P R O C E S S  ---------------

Threads class SMR info:
_java_thread_list=0x0000025157d318d0, length=77, elements={
0x000002511464f8b0, 0x000002513288b7f0, 0x000002513288c2c0, 0x000002513289e430,
0x000002513289ed00, 0x000002513289f5d0, 0x000002513289fea0, 0x00000251328a0aa0,
0x00000251329d0090, 0x00000251329d1550, 0x0000025132acc7d0, 0x0000025132acd1f0,
0x0000025132acd700, 0x0000025132ace120, 0x0000025132acdc10, 0x0000025153878ae0,
0x00000251538780c0, 0x0000025153879a10, 0x0000025153878ff0, 0x0000025153876770,
0x0000025153879500, 0x00000251538776a0, 0x0000025153879f20, 0x000002515387a430,
0x0000025153877190, 0x00000251538785d0, 0x000002515387a940, 0x000002515387ae50,
0x000002515387b360, 0x0000025153877bb0, 0x000002515387e0f0, 0x000002515387d6d0,
0x000002515387b870, 0x000002515387d1c0, 0x000002515387bd80, 0x000002515387dbe0,
0x000002515387c290, 0x0000025132ba15d0, 0x0000025132ba2500, 0x0000025132ba2a10,
0x0000025132ba3940, 0x0000025132ba2f20, 0x0000025132ba3430, 0x0000025132ba4360,
0x0000025132ba3e50, 0x0000025132ba4d80, 0x0000025132ba1ff0, 0x0000025132ba7b10,
0x0000025132ba8a40, 0x0000025132ba8530, 0x0000025132ba57a0, 0x0000025132ba8020,
0x0000025132ba61c0, 0x0000025132ba8f50, 0x0000025132ba6be0, 0x0000025132ba5cb0,
0x0000025132ba70f0, 0x0000025132ba7600, 0x0000025154322cf0, 0x0000025154323200,
0x00000251543222d0, 0x0000025154323710, 0x00000251543227e0, 0x0000025154320e90,
0x0000025154323c20, 0x0000025154324130, 0x0000025154320980, 0x0000025154324640,
0x00000251543218b0, 0x0000025154324b50, 0x00000251543213a0, 0x0000025154325060,
0x0000025154325570, 0x0000025154321dc0, 0x0000025154325f90, 0x00000251582fb2d0,
0x00000251582fd130
}

Java Threads: ( => current thread )
  0x000002511464f8b0 JavaThread "main" [_thread_blocked, id=14116, stack(0x00000059a4e00000,0x00000059a4f00000)]
  0x000002513288b7f0 JavaThread "Reference Handler" daemon [_thread_blocked, id=25448, stack(0x00000059a5500000,0x00000059a5600000)]
  0x000002513288c2c0 JavaThread "Finalizer" daemon [_thread_blocked, id=23480, stack(0x00000059a5600000,0x00000059a5700000)]
  0x000002513289e430 JavaThread "Signal Dispatcher" daemon [_thread_blocked, id=14876, stack(0x00000059a5700000,0x00000059a5800000)]
  0x000002513289ed00 JavaThread "Attach Listener" daemon [_thread_blocked, id=25492, stack(0x00000059a5800000,0x00000059a5900000)]
  0x000002513289f5d0 JavaThread "Service Thread" daemon [_thread_blocked, id=100, stack(0x00000059a5900000,0x00000059a5a00000)]
  0x000002513289fea0 JavaThread "Monitor Deflation Thread" daemon [_thread_blocked, id=26696, stack(0x00000059a5a00000,0x00000059a5b00000)]
=>0x00000251328a0aa0 JavaThread "C2 CompilerThread0" daemon [_thread_in_native, id=23748, stack(0x00000059a5b00000,0x00000059a5c00000)]
  0x00000251329d0090 JavaThread "C1 CompilerThread0" daemon [_thread_blocked, id=26276, stack(0x00000059a5c00000,0x00000059a5d00000)]
  0x00000251329d1550 JavaThread "Sweeper thread" daemon [_thread_blocked, id=7924, stack(0x00000059a5d00000,0x00000059a5e00000)]
  0x0000025132acc7d0 JavaThread "Common-Cleaner" daemon [_thread_blocked, id=26684, stack(0x00000059a5e00000,0x00000059a5f00000)]
  0x0000025132acd1f0 JavaThread "Notification Thread" daemon [_thread_blocked, id=26644, stack(0x00000059a6000000,0x00000059a6100000)]
  0x0000025132acd700 JavaThread "Daemon health stats" [_thread_blocked, id=14152, stack(0x00000059a5f00000,0x00000059a6000000)]
  0x0000025132ace120 JavaThread "Incoming local TCP Connector on port 53643" [_thread_in_native, id=24200, stack(0x00000059a6200000,0x00000059a6300000)]
  0x0000025132acdc10 JavaThread "Daemon periodic checks" [_thread_blocked, id=26060, stack(0x00000059a6800000,0x00000059a6900000)]
  0x0000025153878ae0 JavaThread "Daemon" [_thread_blocked, id=27660, stack(0x00000059a6900000,0x00000059a6a00000)]
  0x00000251538780c0 JavaThread "Handler for socket connection from /127.0.0.1:53643 to /127.0.0.1:50427" [_thread_in_native, id=27664, stack(0x00000059a6a00000,0x00000059a6b00000)]
  0x0000025153879a10 JavaThread "Cancel handler" [_thread_blocked, id=27676, stack(0x00000059a6b00000,0x00000059a6c00000)]
  0x0000025153878ff0 JavaThread "Daemon worker" [_thread_in_Java, id=27680, stack(0x00000059a6c00000,0x00000059a6d00000)]
  0x0000025153876770 JavaThread "Asynchronous log dispatcher for DefaultDaemonConnection: socket connection from /127.0.0.1:53643 to /127.0.0.1:50427" [_thread_blocked, id=27684, stack(0x00000059a6d00000,0x00000059a6e00000)]
  0x0000025153879500 JavaThread "Stdin handler" [_thread_blocked, id=27688, stack(0x00000059a6e00000,0x00000059a6f00000)]
  0x00000251538776a0 JavaThread "Daemon client event forwarder" [_thread_blocked, id=27692, stack(0x00000059a6f00000,0x00000059a7000000)]
  0x0000025153879f20 JavaThread "Cache worker for journal cache (C:\Users\ASUS\.gradle\caches\journal-1)" [_thread_blocked, id=27700, stack(0x00000059a7000000,0x00000059a7100000)]
  0x000002515387a430 JavaThread "File lock request listener" [_thread_in_native, id=27704, stack(0x00000059a7100000,0x00000059a7200000)]
  0x0000025153877190 JavaThread "Cache worker for file hash cache (C:\Users\ASUS\.gradle\caches\8.14.3\fileHashes)" [_thread_blocked, id=27716, stack(0x00000059a7300000,0x00000059a7400000)]
  0x00000251538785d0 JavaThread "Cache worker for file hash cache (D:\dating_app\app_react\android\.gradle\8.14.3\fileHashes)" [_thread_blocked, id=27972, stack(0x00000059a7500000,0x00000059a7600000)]
  0x000002515387a940 JavaThread "Cache worker for Build Output Cleanup Cache (D:\dating_app\app_react\android\.gradle\buildOutputCleanup)" [_thread_blocked, id=27976, stack(0x00000059a7600000,0x00000059a7700000)]
  0x000002515387ae50 JavaThread "File lock release action executor" [_thread_in_vm, id=28012, stack(0x00000059a7a00000,0x00000059a7b00000)]
  0x000002515387b360 JavaThread "File watcher server" daemon [_thread_in_native, id=28024, stack(0x00000059a7b00000,0x00000059a7c00000)]
  0x0000025153877bb0 JavaThread "File watcher consumer" daemon [_thread_blocked, id=28028, stack(0x00000059a7c00000,0x00000059a7d00000)]
  0x000002515387e0f0 JavaThread "jar transforms" [_thread_blocked, id=28032, stack(0x00000059a7d00000,0x00000059a7e00000)]
  0x000002515387d6d0 JavaThread "jar transforms Thread 2" [_thread_blocked, id=28036, stack(0x00000059a7e00000,0x00000059a7f00000)]
  0x000002515387b870 JavaThread "jar transforms Thread 3" [_thread_blocked, id=28040, stack(0x00000059a7f00000,0x00000059a8000000)]
  0x000002515387d1c0 JavaThread "jar transforms Thread 4" [_thread_blocked, id=28188, stack(0x00000059a8000000,0x00000059a8100000)]
  0x000002515387bd80 JavaThread "jar transforms Thread 5" [_thread_blocked, id=28520, stack(0x00000059a7200000,0x00000059a7300000)]
  0x000002515387dbe0 JavaThread "Cache worker for checksums cache (D:\dating_app\app_react\android\.gradle\8.14.3\checksums)" [_thread_blocked, id=28532, stack(0x00000059a8100000,0x00000059a8200000)]
  0x000002515387c290 JavaThread "Cache worker for file content cache (C:\Users\ASUS\.gradle\caches\8.14.3\fileContent)" [_thread_blocked, id=28536, stack(0x00000059a8200000,0x00000059a8300000)]
  0x0000025132ba15d0 JavaThread "jar transforms Thread 6" [_thread_blocked, id=28552, stack(0x00000059a8400000,0x00000059a8500000)]
  0x0000025132ba2500 JavaThread "jar transforms Thread 7" [_thread_blocked, id=28556, stack(0x00000059a8500000,0x00000059a8600000)]
  0x0000025132ba2a10 JavaThread "jar transforms Thread 8" [_thread_blocked, id=28568, stack(0x00000059a8600000,0x00000059a8700000)]
  0x0000025132ba3940 JavaThread "Exec process" [_thread_blocked, id=27864, stack(0x00000059a8700000,0x00000059a8800000)]
  0x0000025132ba2f20 JavaThread "Exec process Thread 2" [_thread_blocked, id=27924, stack(0x00000059a8800000,0x00000059a8900000)]
  0x0000025132ba3430 JavaThread "Exec process Thread 3" [_thread_blocked, id=27916, stack(0x00000059a8900000,0x00000059a8a00000)]
  0x0000025132ba4360 JavaThread "Cache worker for cache directory md-supplier (C:\Users\ASUS\.gradle\caches\8.14.3\md-supplier)" [_thread_blocked, id=28052, stack(0x00000059a8300000,0x00000059a8400000)]
  0x0000025132ba3e50 JavaThread "Cache worker for cache directory md-rule (C:\Users\ASUS\.gradle\caches\8.14.3\md-rule)" [_thread_blocked, id=28056, stack(0x00000059a8a00000,0x00000059a8b00000)]
  0x0000025132ba4d80 JavaThread "Cache worker for Build Output Cleanup Cache (D:\dating_app\app_react\node_modules\@react-native\gradle-plugin\.gradle\buildOutputCleanup)" [_thread_blocked, id=28048, stack(0x00000059a8c00000,0x00000059a8d00000)]
  0x0000025132ba1ff0 JavaThread "Unconstrained build operations" [_thread_blocked, id=28216, stack(0x00000059a7400000,0x00000059a7500000)]
  0x0000025132ba7b10 JavaThread "Unconstrained build operations Thread 2" [_thread_blocked, id=28320, stack(0x00000059a8b00000,0x00000059a8c00000)]
  0x0000025132ba8a40 JavaThread "Unconstrained build operations Thread 3" [_thread_blocked, id=28284, stack(0x00000059a8f00000,0x00000059a9000000)]
  0x0000025132ba8530 JavaThread "Unconstrained build operations Thread 4" [_thread_blocked, id=28304, stack(0x00000059a9000000,0x00000059a9100000)]
  0x0000025132ba57a0 JavaThread "Unconstrained build operations Thread 5" [_thread_blocked, id=28300, stack(0x00000059a9100000,0x00000059a9200000)]
  0x0000025132ba8020 JavaThread "Unconstrained build operations Thread 6" [_thread_blocked, id=28212, stack(0x00000059a9200000,0x00000059a9300000)]
  0x0000025132ba61c0 JavaThread "Cache worker for Build Output Cleanup Cache (D:\dating_app\app_react\node_modules\expo-modules-autolinking\android\expo-gradle-plugin\.gradle\buildOutputCleanup)" [_thread_blocked, id=28008, stack(0x00000059a8e00000,0x00000059a8f00000)]
  0x0000025132ba8f50 JavaThread "Unconstrained build operations Thread 7" [_thread_blocked, id=24316, stack(0x00000059a9500000,0x00000059a9600000)]
  0x0000025132ba6be0 JavaThread "Unconstrained build operations Thread 8" [_thread_blocked, id=21772, stack(0x00000059a9600000,0x00000059a9700000)]
  0x0000025132ba5cb0 JavaThread "Unconstrained build operations Thread 9" [_thread_blocked, id=27164, stack(0x00000059a9700000,0x00000059a9800000)]
  0x0000025132ba70f0 JavaThread "Unconstrained build operations Thread 10" [_thread_blocked, id=7644, stack(0x00000059a9800000,0x00000059a9900000)]
  0x0000025132ba7600 JavaThread "Unconstrained build operations Thread 11" [_thread_blocked, id=18760, stack(0x00000059a9900000,0x00000059a9a00000)]
  0x0000025154322cf0 JavaThread "Unconstrained build operations Thread 12" [_thread_blocked, id=15384, stack(0x00000059a9a00000,0x00000059a9b00000)]
  0x0000025154323200 JavaThread "Unconstrained build operations Thread 13" [_thread_blocked, id=2864, stack(0x00000059a9b00000,0x00000059a9c00000)]
  0x00000251543222d0 JavaThread "Unconstrained build operations Thread 14" [_thread_blocked, id=18020, stack(0x00000059a9c00000,0x00000059a9d00000)]
  0x0000025154323710 JavaThread "Unconstrained build operations Thread 15" [_thread_blocked, id=26916, stack(0x00000059a9d00000,0x00000059a9e00000)]
  0x00000251543227e0 JavaThread "Unconstrained build operations Thread 16" [_thread_blocked, id=3716, stack(0x00000059a9e00000,0x00000059a9f00000)]
  0x0000025154320e90 JavaThread "Unconstrained build operations Thread 17" [_thread_blocked, id=26912, stack(0x00000059a9f00000,0x00000059aa000000)]
  0x0000025154323c20 JavaThread "Unconstrained build operations Thread 18" [_thread_blocked, id=27236, stack(0x00000059aa000000,0x00000059aa100000)]
  0x0000025154324130 JavaThread "Unconstrained build operations Thread 19" [_thread_blocked, id=12784, stack(0x00000059aa100000,0x00000059aa200000)]
  0x0000025154320980 JavaThread "Unconstrained build operations Thread 20" [_thread_blocked, id=18736, stack(0x00000059aa200000,0x00000059aa300000)]
  0x0000025154324640 JavaThread "Unconstrained build operations Thread 21" [_thread_blocked, id=26668, stack(0x00000059aa300000,0x00000059aa400000)]
  0x00000251543218b0 JavaThread "Unconstrained build operations Thread 22" [_thread_blocked, id=10472, stack(0x00000059aa400000,0x00000059aa500000)]
  0x0000025154324b50 JavaThread "Unconstrained build operations Thread 23" [_thread_blocked, id=8168, stack(0x00000059aa500000,0x00000059aa600000)]
  0x00000251543213a0 JavaThread "Unconstrained build operations Thread 24" [_thread_blocked, id=26748, stack(0x00000059aa600000,0x00000059aa700000)]
  0x0000025154325060 JavaThread "Unconstrained build operations Thread 25" [_thread_blocked, id=1136, stack(0x00000059aa700000,0x00000059aa800000)]
  0x0000025154325570 JavaThread "Unconstrained build operations Thread 26" [_thread_blocked, id=26844, stack(0x00000059aa800000,0x00000059aa900000)]
  0x0000025154321dc0 JavaThread "Unconstrained build operations Thread 27" [_thread_blocked, id=26900, stack(0x00000059aa900000,0x00000059aaa00000)]
  0x0000025154325f90 JavaThread "Kotlin DSL Writer" [_thread_blocked, id=12968, stack(0x00000059aaa00000,0x00000059aab00000)]
  0x00000251582fb2d0 JavaThread "build event listener" [_thread_blocked, id=24496, stack(0x00000059ab200000,0x00000059ab300000)]
  0x00000251582fd130 JavaThread "Memory manager" [_thread_blocked, id=28652, stack(0x00000059ab100000,0x00000059ab200000)]

Other Threads:
  0x00000251328859e0 VMThread "VM Thread" [stack: 0x00000059a5400000,0x00000059a5500000] [id=5240]
  0x0000025132b818a0 WatcherThread [stack: 0x00000059a6100000,0x00000059a6200000] [id=16564]
  0x00000251146ac780 GCTaskThread "GC Thread#0" [stack: 0x00000059a4f00000,0x00000059a5000000] [id=22124]
  0x0000025152092760 GCTaskThread "GC Thread#1" [stack: 0x00000059a6300000,0x00000059a6400000] [id=25592]
  0x0000025152401fb0 GCTaskThread "GC Thread#2" [stack: 0x00000059a6400000,0x00000059a6500000] [id=23204]
  0x00000251523a6490 GCTaskThread "GC Thread#3" [stack: 0x00000059a6500000,0x00000059a6600000] [id=26092]
  0x00000251523a6750 GCTaskThread "GC Thread#4" [stack: 0x00000059a6600000,0x00000059a6700000] [id=19616]
  0x00000251523a8d50 GCTaskThread "GC Thread#5" [stack: 0x00000059a6700000,0x00000059a6800000] [id=26100]
  0x00000251543b87e0 GCTaskThread "GC Thread#6" [stack: 0x00000059a7700000,0x00000059a7800000] [id=27980]
  0x00000251564c3f20 GCTaskThread "GC Thread#7" [stack: 0x00000059a7800000,0x00000059a7900000] [id=27984]
  0x00000251146bd480 ConcurrentGCThread "G1 Main Marker" [stack: 0x00000059a5000000,0x00000059a5100000] [id=24932]
  0x00000251146bdc40 ConcurrentGCThread "G1 Conc#0" [stack: 0x00000059a5100000,0x00000059a5200000] [id=22476]
  0x0000025156ff8d00 ConcurrentGCThread "G1 Conc#1" [stack: 0x00000059a7900000,0x00000059a7a00000] [id=27988]
  0x000002511470dd30 ConcurrentGCThread "G1 Refine#0" [stack: 0x00000059a5200000,0x00000059a5300000] [id=10588]
  0x0000025154089730 ConcurrentGCThread "G1 Refine#1" [stack: 0x00000059a9400000,0x00000059a9500000] [id=27796]
  0x000002515408ba70 ConcurrentGCThread "G1 Refine#2" [stack: 0x00000059aab00000,0x00000059aac00000] [id=27780]
  0x000002515408abc0 ConcurrentGCThread "G1 Refine#3" [stack: 0x00000059aac00000,0x00000059aad00000] [id=27740]
  0x0000025154089440 ConcurrentGCThread "G1 Refine#4" [stack: 0x00000059aad00000,0x00000059aae00000] [id=28580]
  0x000002515408c340 ConcurrentGCThread "G1 Refine#5" [stack: 0x00000059aae00000,0x00000059aaf00000] [id=27724]
  0x000002511470e510 ConcurrentGCThread "G1 Service" [stack: 0x00000059a5300000,0x00000059a5400000] [id=23720]

Threads with active compile tasks:
C2 CompilerThread0    56052 18348 %     4       org.jetbrains.org.objectweb.asm.ClassReader::accept @ 194 (1380 bytes)

VM state: not at safepoint (normal execution)

VM Mutex/Monitor currently owned by a thread: None

Heap address: 0x0000000080000000, size: 2048 MB, Compressed Oops mode: 32-bit

CDS archive(s) mapped at: [0x0000025133000000-0x0000025133bd0000-0x0000025133bd0000), size 12386304, SharedBaseAddress: 0x0000025133000000, ArchiveRelocationMode: 1.
Compressed class space mapped at: 0x0000025134000000-0x000002514e000000, reserved size: 436207616
Narrow klass base: 0x0000025133000000, Narrow klass shift: 0, Narrow klass range: 0x100000000

GC Precious Log:
 CPUs: 8 total, 8 available
 Memory: 16221M
 Large Page Support: Disabled
 NUMA Support: Disabled
 Compressed Oops: Enabled (32-bit)
 Heap Region Size: 1M
 Heap Min Capacity: 8M
 Heap Initial Capacity: 254M
 Heap Max Capacity: 2G
 Pre-touch: Disabled
 Parallel Workers: 8
 Concurrent Workers: 2
 Concurrent Refinement Workers: 8
 Periodic GC: Disabled

Heap:
 garbage-first heap   total 268288K, used 210451K [0x0000000080000000, 0x0000000100000000)
  region size 1024K, 63 young (64512K), 2 survivors (2048K)
 Metaspace       used 144677K, committed 145728K, reserved 557056K
  class space    used 18518K, committed 19008K, reserved 425984K

Heap Regions: E=young(eden), S=young(survivor), O=old, HS=humongous(starts), HC=humongous(continues), CS=collection set, F=free, OA=open archive, CA=closed archive, TAMS=top-at-mark-start (previous, next)
|   0|0x0000000080000000, 0x0000000080100000, 0x0000000080100000|100%|HS|  |TAMS 0x0000000080100000, 0x0000000080000000| Complete 
|   1|0x0000000080100000, 0x0000000080200000, 0x0000000080200000|100%|HC|  |TAMS 0x0000000080200000, 0x0000000080100000| Complete 
|   2|0x0000000080200000, 0x0000000080300000, 0x0000000080300000|100%|HC|  |TAMS 0x0000000080300000, 0x0000000080200000| Complete 
|   3|0x0000000080300000, 0x0000000080400000, 0x0000000080400000|100%| O|  |TAMS 0x0000000080400000, 0x0000000080300000| Untracked 
|   4|0x0000000080400000, 0x0000000080500000, 0x0000000080500000|100%| O|  |TAMS 0x0000000080500000, 0x0000000080400000| Untracked 
|   5|0x0000000080500000, 0x0000000080600000, 0x0000000080600000|100%| O|  |TAMS 0x0000000080600000, 0x0000000080500000| Untracked 
|   6|0x0000000080600000, 0x0000000080700000, 0x0000000080700000|100%|HS|  |TAMS 0x0000000080700000, 0x0000000080600000| Complete 
|   7|0x0000000080700000, 0x0000000080800000, 0x0000000080800000|100%| O|  |TAMS 0x0000000080800000, 0x0000000080700000| Untracked 
|   8|0x0000000080800000, 0x0000000080900000, 0x0000000080900000|100%| O|  |TAMS 0x0000000080900000, 0x0000000080800000| Untracked 
|   9|0x0000000080900000, 0x0000000080a00000, 0x0000000080a00000|100%| O|  |TAMS 0x0000000080a00000, 0x0000000080900000| Untracked 
|  10|0x0000000080a00000, 0x0000000080b00000, 0x0000000080b00000|100%| O|  |TAMS 0x0000000080b00000, 0x0000000080a00000| Untracked 
|  11|0x0000000080b00000, 0x0000000080c00000, 0x0000000080c00000|100%| O|  |TAMS 0x0000000080c00000, 0x0000000080b00000| Untracked 
|  12|0x0000000080c00000, 0x0000000080cdae00, 0x0000000080d00000| 85%| O|  |TAMS 0x0000000080cdae00, 0x0000000080c00000| Untracked 
|  13|0x0000000080d00000, 0x0000000080e00000, 0x0000000080e00000|100%| O|  |TAMS 0x0000000080e00000, 0x0000000080d00000| Untracked 
|  14|0x0000000080e00000, 0x0000000080f00000, 0x0000000080f00000|100%| O|  |TAMS 0x0000000080f00000, 0x0000000080e00000| Untracked 
|  15|0x0000000080f00000, 0x0000000081000000, 0x0000000081000000|100%| O|  |TAMS 0x0000000081000000, 0x0000000080f00000| Untracked 
|  16|0x0000000081000000, 0x0000000081100000, 0x0000000081100000|100%| O|  |TAMS 0x0000000081100000, 0x0000000081000000| Untracked 
|  17|0x0000000081100000, 0x0000000081200000, 0x0000000081200000|100%| O|  |TAMS 0x0000000081200000, 0x0000000081100000| Untracked 
|  18|0x0000000081200000, 0x0000000081300000, 0x0000000081300000|100%| O|  |TAMS 0x0000000081300000, 0x0000000081200000| Untracked 
|  19|0x0000000081300000, 0x0000000081400000, 0x0000000081400000|100%| O|  |TAMS 0x0000000081400000, 0x0000000081300000| Untracked 
|  20|0x0000000081400000, 0x0000000081500000, 0x0000000081500000|100%| O|  |TAMS 0x0000000081500000, 0x0000000081400000| Untracked 
|  21|0x0000000081500000, 0x0000000081600000, 0x0000000081600000|100%| O|  |TAMS 0x0000000081600000, 0x0000000081500000| Untracked 
|  22|0x0000000081600000, 0x0000000081700000, 0x0000000081700000|100%| O|  |TAMS 0x0000000081700000, 0x0000000081600000| Untracked 
|  23|0x0000000081700000, 0x0000000081800000, 0x0000000081800000|100%| O|  |TAMS 0x0000000081800000, 0x0000000081700000| Untracked 
|  24|0x0000000081800000, 0x0000000081900000, 0x0000000081900000|100%| O|  |TAMS 0x0000000081900000, 0x0000000081800000| Untracked 
|  25|0x0000000081900000, 0x0000000081a00000, 0x0000000081a00000|100%| O|  |TAMS 0x0000000081a00000, 0x0000000081900000| Untracked 
|  26|0x0000000081a00000, 0x0000000081b00000, 0x0000000081b00000|100%| O|  |TAMS 0x0000000081b00000, 0x0000000081a00000| Untracked 
|  27|0x0000000081b00000, 0x0000000081c00000, 0x0000000081c00000|100%| O|  |TAMS 0x0000000081c00000, 0x0000000081b00000| Untracked 
|  28|0x0000000081c00000, 0x0000000081d00000, 0x0000000081d00000|100%| O|  |TAMS 0x0000000081d00000, 0x0000000081c00000| Untracked 
|  29|0x0000000081d00000, 0x0000000081e00000, 0x0000000081e00000|100%| O|  |TAMS 0x0000000081e00000, 0x0000000081d00000| Untracked 
|  30|0x0000000081e00000, 0x0000000081f00000, 0x0000000081f00000|100%| O|  |TAMS 0x0000000081f00000, 0x0000000081e00000| Untracked 
|  31|0x0000000081f00000, 0x0000000082000000, 0x0000000082000000|100%| O|  |TAMS 0x0000000082000000, 0x0000000081f00000| Untracked 
|  32|0x0000000082000000, 0x0000000082100000, 0x0000000082100000|100%| O|  |TAMS 0x0000000082100000, 0x0000000082000000| Untracked 
|  33|0x0000000082100000, 0x0000000082200000, 0x0000000082200000|100%| O|  |TAMS 0x0000000082200000, 0x0000000082100000| Untracked 
|  34|0x0000000082200000, 0x0000000082300000, 0x0000000082300000|100%| O|  |TAMS 0x0000000082300000, 0x0000000082200000| Untracked 
|  35|0x0000000082300000, 0x0000000082400000, 0x0000000082400000|100%| O|  |TAMS 0x0000000082400000, 0x0000000082300000| Untracked 
|  36|0x0000000082400000, 0x0000000082500000, 0x0000000082500000|100%| O|  |TAMS 0x0000000082500000, 0x0000000082400000| Untracked 
|  37|0x0000000082500000, 0x0000000082600000, 0x0000000082600000|100%| O|  |TAMS 0x0000000082600000, 0x0000000082500000| Untracked 
|  38|0x0000000082600000, 0x0000000082700000, 0x0000000082700000|100%| O|  |TAMS 0x0000000082700000, 0x0000000082600000| Untracked 
|  39|0x0000000082700000, 0x0000000082800000, 0x0000000082800000|100%| O|  |TAMS 0x0000000082800000, 0x0000000082700000| Untracked 
|  40|0x0000000082800000, 0x0000000082900000, 0x0000000082900000|100%| O|  |TAMS 0x0000000082900000, 0x0000000082800000| Untracked 
|  41|0x0000000082900000, 0x0000000082a00000, 0x0000000082a00000|100%| O|  |TAMS 0x0000000082a00000, 0x0000000082900000| Untracked 
|  42|0x0000000082a00000, 0x0000000082b00000, 0x0000000082b00000|100%| O|  |TAMS 0x0000000082b00000, 0x0000000082a00000| Untracked 
|  43|0x0000000082b00000, 0x0000000082c00000, 0x0000000082c00000|100%|HS|  |TAMS 0x0000000082c00000, 0x0000000082b00000| Complete 
|  44|0x0000000082c00000, 0x0000000082d00000, 0x0000000082d00000|100%| O|  |TAMS 0x0000000082d00000, 0x0000000082c00000| Untracked 
|  45|0x0000000082d00000, 0x0000000082e00000, 0x0000000082e00000|100%| O|  |TAMS 0x0000000082e00000, 0x0000000082d00000| Untracked 
|  46|0x0000000082e00000, 0x0000000082f00000, 0x0000000082f00000|100%| O|  |TAMS 0x0000000082f00000, 0x0000000082e00000| Untracked 
|  47|0x0000000082f00000, 0x0000000083000000, 0x0000000083000000|100%| O|  |TAMS 0x0000000083000000, 0x0000000082f00000| Untracked 
|  48|0x0000000083000000, 0x0000000083100000, 0x0000000083100000|100%| O|  |TAMS 0x0000000083100000, 0x0000000083000000| Untracked 
|  49|0x0000000083100000, 0x0000000083200000, 0x0000000083200000|100%| O|  |TAMS 0x0000000083200000, 0x0000000083100000| Untracked 
|  50|0x0000000083200000, 0x0000000083300000, 0x0000000083300000|100%| O|  |TAMS 0x0000000083300000, 0x0000000083200000| Untracked 
|  51|0x0000000083300000, 0x0000000083400000, 0x0000000083400000|100%| O|  |TAMS 0x0000000083400000, 0x0000000083300000| Untracked 
|  52|0x0000000083400000, 0x0000000083500000, 0x0000000083500000|100%| O|  |TAMS 0x0000000083500000, 0x0000000083400000| Untracked 
|  53|0x0000000083500000, 0x0000000083600000, 0x0000000083600000|100%| O|  |TAMS 0x0000000083600000, 0x0000000083500000| Untracked 
|  54|0x0000000083600000, 0x0000000083700000, 0x0000000083700000|100%| O|  |TAMS 0x0000000083700000, 0x0000000083600000| Untracked 
|  55|0x0000000083700000, 0x0000000083800000, 0x0000000083800000|100%| O|  |TAMS 0x0000000083800000, 0x0000000083700000| Untracked 
|  56|0x0000000083800000, 0x0000000083900000, 0x0000000083900000|100%| O|  |TAMS 0x0000000083800000, 0x0000000083800000| Untracked 
|  57|0x0000000083900000, 0x0000000083a00000, 0x0000000083a00000|100%|HS|  |TAMS 0x0000000083a00000, 0x0000000083900000| Complete 
|  58|0x0000000083a00000, 0x0000000083b00000, 0x0000000083b00000|100%| O|  |TAMS 0x0000000083b00000, 0x0000000083a00000| Untracked 
|  59|0x0000000083b00000, 0x0000000083c00000, 0x0000000083c00000|100%| O|  |TAMS 0x0000000083c00000, 0x0000000083b00000| Untracked 
|  60|0x0000000083c00000, 0x0000000083d00000, 0x0000000083d00000|100%| O|  |TAMS 0x0000000083d00000, 0x0000000083c00000| Untracked 
|  61|0x0000000083d00000, 0x0000000083e00000, 0x0000000083e00000|100%| O|  |TAMS 0x0000000083e00000, 0x0000000083d00000| Untracked 
|  62|0x0000000083e00000, 0x0000000083f00000, 0x0000000083f00000|100%| O|  |TAMS 0x0000000083f00000, 0x0000000083e00000| Untracked 
|  63|0x0000000083f00000, 0x0000000084000000, 0x0000000084000000|100%| O|  |TAMS 0x0000000084000000, 0x0000000083f00000| Untracked 
|  64|0x0000000084000000, 0x0000000084100000, 0x0000000084100000|100%| O|  |TAMS 0x0000000084100000, 0x0000000084000000| Untracked 
|  65|0x0000000084100000, 0x0000000084200000, 0x0000000084200000|100%| O|  |TAMS 0x0000000084200000, 0x0000000084100000| Untracked 
|  66|0x0000000084200000, 0x0000000084300000, 0x0000000084300000|100%| O|  |TAMS 0x0000000084300000, 0x0000000084200000| Untracked 
|  67|0x0000000084300000, 0x0000000084400000, 0x0000000084400000|100%| O|  |TAMS 0x0000000084400000, 0x0000000084300000| Untracked 
|  68|0x0000000084400000, 0x0000000084500000, 0x0000000084500000|100%| O|  |TAMS 0x0000000084500000, 0x0000000084400000| Untracked 
|  69|0x0000000084500000, 0x0000000084600000, 0x0000000084600000|100%| O|  |TAMS 0x0000000084600000, 0x0000000084500000| Untracked 
|  70|0x0000000084600000, 0x0000000084700000, 0x0000000084700000|100%| O|  |TAMS 0x0000000084700000, 0x0000000084600000| Untracked 
|  71|0x0000000084700000, 0x0000000084800000, 0x0000000084800000|100%| O|  |TAMS 0x0000000084800000, 0x0000000084700000| Untracked 
|  72|0x0000000084800000, 0x0000000084900000, 0x0000000084900000|100%| O|  |TAMS 0x0000000084900000, 0x0000000084800000| Untracked 
|  73|0x0000000084900000, 0x0000000084a00000, 0x0000000084a00000|100%| O|  |TAMS 0x0000000084a00000, 0x0000000084900000| Untracked 
|  74|0x0000000084a00000, 0x0000000084b00000, 0x0000000084b00000|100%| O|  |TAMS 0x0000000084b00000, 0x0000000084a00000| Untracked 
|  75|0x0000000084b00000, 0x0000000084c00000, 0x0000000084c00000|100%| O|  |TAMS 0x0000000084c00000, 0x0000000084b00000| Untracked 
|  76|0x0000000084c00000, 0x0000000084d00000, 0x0000000084d00000|100%| O|  |TAMS 0x0000000084d00000, 0x0000000084c00000| Untracked 
|  77|0x0000000084d00000, 0x0000000084e00000, 0x0000000084e00000|100%| O|  |TAMS 0x0000000084e00000, 0x0000000084d00000| Untracked 
|  78|0x0000000084e00000, 0x0000000084f00000, 0x0000000084f00000|100%| O|  |TAMS 0x0000000084f00000, 0x0000000084e00000| Untracked 
|  79|0x0000000084f00000, 0x0000000085000000, 0x0000000085000000|100%| O|  |TAMS 0x0000000085000000, 0x0000000084f00000| Untracked 
|  80|0x0000000085000000, 0x0000000085100000, 0x0000000085100000|100%| O|  |TAMS 0x0000000085100000, 0x0000000085000000| Untracked 
|  81|0x0000000085100000, 0x0000000085200000, 0x0000000085200000|100%|HS|  |TAMS 0x0000000085200000, 0x0000000085100000| Complete 
|  82|0x0000000085200000, 0x0000000085300000, 0x0000000085300000|100%|HC|  |TAMS 0x0000000085300000, 0x0000000085200000| Complete 
|  83|0x0000000085300000, 0x0000000085400000, 0x0000000085400000|100%|HC|  |TAMS 0x0000000085400000, 0x0000000085300000| Complete 
|  84|0x0000000085400000, 0x0000000085500000, 0x0000000085500000|100%| O|  |TAMS 0x0000000085500000, 0x0000000085400000| Untracked 
|  85|0x0000000085500000, 0x0000000085600000, 0x0000000085600000|100%| O|  |TAMS 0x0000000085600000, 0x0000000085500000| Untracked 
|  86|0x0000000085600000, 0x0000000085700000, 0x0000000085700000|100%| O|  |TAMS 0x0000000085700000, 0x0000000085600000| Untracked 
|  87|0x0000000085700000, 0x0000000085800000, 0x0000000085800000|100%| O|  |TAMS 0x0000000085800000, 0x0000000085700000| Untracked 
|  88|0x0000000085800000, 0x0000000085900000, 0x0000000085900000|100%| O|  |TAMS 0x0000000085900000, 0x0000000085800000| Untracked 
|  89|0x0000000085900000, 0x0000000085a00000, 0x0000000085a00000|100%|HS|  |TAMS 0x0000000085900000, 0x0000000085900000| Complete 
|  90|0x0000000085a00000, 0x0000000085b00000, 0x0000000085b00000|100%| O|  |TAMS 0x0000000085b00000, 0x0000000085a00000| Untracked 
|  91|0x0000000085b00000, 0x0000000085c00000, 0x0000000085c00000|100%| O|  |TAMS 0x0000000085c00000, 0x0000000085b00000| Untracked 
|  92|0x0000000085c00000, 0x0000000085d00000, 0x0000000085d00000|100%| O|  |TAMS 0x0000000085d00000, 0x0000000085c00000| Untracked 
|  93|0x0000000085d00000, 0x0000000085e00000, 0x0000000085e00000|100%|HS|  |TAMS 0x0000000085e00000, 0x0000000085d00000| Complete 
|  94|0x0000000085e00000, 0x0000000085f00000, 0x0000000085f00000|100%|HC|  |TAMS 0x0000000085f00000, 0x0000000085e00000| Complete 
|  95|0x0000000085f00000, 0x0000000086000000, 0x0000000086000000|100%|HC|  |TAMS 0x0000000086000000, 0x0000000085f00000| Complete 
|  96|0x0000000086000000, 0x0000000086100000, 0x0000000086100000|100%|HC|  |TAMS 0x0000000086100000, 0x0000000086000000| Complete 
|  97|0x0000000086100000, 0x0000000086200000, 0x0000000086200000|100%|HC|  |TAMS 0x0000000086200000, 0x0000000086100000| Complete 
|  98|0x0000000086200000, 0x0000000086300000, 0x0000000086300000|100%|HC|  |TAMS 0x0000000086300000, 0x0000000086200000| Complete 
|  99|0x0000000086300000, 0x0000000086400000, 0x0000000086400000|100%| O|  |TAMS 0x0000000086400000, 0x0000000086300000| Untracked 
| 100|0x0000000086400000, 0x0000000086500000, 0x0000000086500000|100%| O|  |TAMS 0x0000000086500000, 0x0000000086400000| Untracked 
| 101|0x0000000086500000, 0x0000000086500000, 0x0000000086600000|  0%| F|  |TAMS 0x0000000086500000, 0x0000000086500000| Untracked 
| 102|0x0000000086600000, 0x0000000086600000, 0x0000000086700000|  0%| F|  |TAMS 0x0000000086600000, 0x0000000086600000| Untracked 
| 103|0x0000000086700000, 0x0000000086800000, 0x0000000086800000|100%| O|  |TAMS 0x0000000086800000, 0x0000000086700000| Untracked 
| 104|0x0000000086800000, 0x0000000086900000, 0x0000000086900000|100%| O|  |TAMS 0x0000000086900000, 0x0000000086800000| Untracked 
| 105|0x0000000086900000, 0x0000000086a00000, 0x0000000086a00000|100%| O|  |TAMS 0x0000000086a00000, 0x0000000086900000| Untracked 
| 106|0x0000000086a00000, 0x0000000086b00000, 0x0000000086b00000|100%| O|  |TAMS 0x0000000086b00000, 0x0000000086a00000| Untracked 
| 107|0x0000000086b00000, 0x0000000086c00000, 0x0000000086c00000|100%| O|  |TAMS 0x0000000086c00000, 0x0000000086b00000| Untracked 
| 108|0x0000000086c00000, 0x0000000086c00000, 0x0000000086d00000|  0%| F|  |TAMS 0x0000000086c00000, 0x0000000086c00000| Untracked 
| 109|0x0000000086d00000, 0x0000000086e00000, 0x0000000086e00000|100%| O|  |TAMS 0x0000000086e00000, 0x0000000086d00000| Untracked 
| 110|0x0000000086e00000, 0x0000000086e00000, 0x0000000086f00000|  0%| F|  |TAMS 0x0000000086e00000, 0x0000000086e00000| Untracked 
| 111|0x0000000086f00000, 0x0000000086f00000, 0x0000000087000000|  0%| F|  |TAMS 0x0000000086f00000, 0x0000000086f00000| Untracked 
| 112|0x0000000087000000, 0x0000000087000000, 0x0000000087100000|  0%| F|  |TAMS 0x0000000087000000, 0x0000000087000000| Untracked 
| 113|0x0000000087100000, 0x0000000087100000, 0x0000000087200000|  0%| F|  |TAMS 0x0000000087100000, 0x0000000087100000| Untracked 
| 114|0x0000000087200000, 0x0000000087200000, 0x0000000087300000|  0%| F|  |TAMS 0x0000000087200000, 0x0000000087200000| Untracked 
| 115|0x0000000087300000, 0x0000000087300000, 0x0000000087400000|  0%| F|  |TAMS 0x0000000087300000, 0x0000000087300000| Untracked 
| 116|0x0000000087400000, 0x0000000087400000, 0x0000000087500000|  0%| F|  |TAMS 0x0000000087400000, 0x0000000087400000| Untracked 
| 117|0x0000000087500000, 0x0000000087500000, 0x0000000087600000|  0%| F|  |TAMS 0x0000000087500000, 0x0000000087500000| Untracked 
| 118|0x0000000087600000, 0x0000000087600000, 0x0000000087700000|  0%| F|  |TAMS 0x0000000087600000, 0x0000000087600000| Untracked 
| 119|0x0000000087700000, 0x0000000087800000, 0x0000000087800000|100%| O|  |TAMS 0x0000000087800000, 0x0000000087700000| Untracked 
| 120|0x0000000087800000, 0x0000000087900000, 0x0000000087900000|100%| O|  |TAMS 0x0000000087900000, 0x0000000087800000| Untracked 
| 121|0x0000000087900000, 0x0000000087a00000, 0x0000000087a00000|100%| O|  |TAMS 0x0000000087a00000, 0x0000000087900000| Untracked 
| 122|0x0000000087a00000, 0x0000000087b00000, 0x0000000087b00000|100%| O|  |TAMS 0x0000000087b00000, 0x0000000087a00000| Untracked 
| 123|0x0000000087b00000, 0x0000000087c00000, 0x0000000087c00000|100%|HS|  |TAMS 0x0000000087c00000, 0x0000000087b00000| Complete 
| 124|0x0000000087c00000, 0x0000000087d00000, 0x0000000087d00000|100%|HC|  |TAMS 0x0000000087d00000, 0x0000000087c00000| Complete 
| 125|0x0000000087d00000, 0x0000000087e00000, 0x0000000087e00000|100%|HC|  |TAMS 0x0000000087e00000, 0x0000000087d00000| Complete 
| 126|0x0000000087e00000, 0x0000000087f00000, 0x0000000087f00000|100%| O|  |TAMS 0x0000000087f00000, 0x0000000087e00000| Untracked 
| 127|0x0000000087f00000, 0x0000000087f00000, 0x0000000088000000|  0%| F|  |TAMS 0x0000000087f00000, 0x0000000087f00000| Untracked 
| 128|0x0000000088000000, 0x0000000088000000, 0x0000000088100000|  0%| F|  |TAMS 0x0000000088000000, 0x0000000088000000| Untracked 
| 129|0x0000000088100000, 0x0000000088200000, 0x0000000088200000|100%| O|  |TAMS 0x0000000088200000, 0x0000000088100000| Untracked 
| 130|0x0000000088200000, 0x0000000088300000, 0x0000000088300000|100%| O|  |TAMS 0x0000000088300000, 0x0000000088200000| Untracked 
| 131|0x0000000088300000, 0x0000000088400000, 0x0000000088400000|100%| O|  |TAMS 0x0000000088400000, 0x0000000088300000| Untracked 
| 132|0x0000000088400000, 0x0000000088500000, 0x0000000088500000|100%| O|  |TAMS 0x0000000088500000, 0x0000000088400000| Untracked 
| 133|0x0000000088500000, 0x0000000088600000, 0x0000000088600000|100%| O|  |TAMS 0x0000000088600000, 0x0000000088500000| Untracked 
| 134|0x0000000088600000, 0x0000000088700000, 0x0000000088700000|100%| O|  |TAMS 0x0000000088700000, 0x0000000088600000| Untracked 
| 135|0x0000000088700000, 0x0000000088800000, 0x0000000088800000|100%| O|  |TAMS 0x0000000088800000, 0x0000000088700000| Untracked 
| 136|0x0000000088800000, 0x0000000088900000, 0x0000000088900000|100%| O|  |TAMS 0x0000000088900000, 0x0000000088800000| Untracked 
| 137|0x0000000088900000, 0x0000000088a00000, 0x0000000088a00000|100%| O|  |TAMS 0x0000000088a00000, 0x0000000088900000| Untracked 
| 138|0x0000000088a00000, 0x0000000088b00000, 0x0000000088b00000|100%| O|  |TAMS 0x0000000088b00000, 0x0000000088a00000| Untracked 
| 139|0x0000000088b00000, 0x0000000088c00000, 0x0000000088c00000|100%| O|  |TAMS 0x0000000088c00000, 0x0000000088b00000| Untracked 
| 140|0x0000000088c00000, 0x0000000088d00000, 0x0000000088d00000|100%| O|  |TAMS 0x0000000088d00000, 0x0000000088c00000| Untracked 
| 141|0x0000000088d00000, 0x0000000088e00000, 0x0000000088e00000|100%| O|  |TAMS 0x0000000088e00000, 0x0000000088d00000| Untracked 
| 142|0x0000000088e00000, 0x0000000088f00000, 0x0000000088f00000|100%| O|  |TAMS 0x0000000088f00000, 0x0000000088e00000| Untracked 
| 143|0x0000000088f00000, 0x0000000089000000, 0x0000000089000000|100%| O|  |TAMS 0x0000000089000000, 0x0000000088f00000| Untracked 
| 144|0x0000000089000000, 0x0000000089100000, 0x0000000089100000|100%| O|  |TAMS 0x0000000089100000, 0x0000000089000000| Untracked 
| 145|0x0000000089100000, 0x0000000089200000, 0x0000000089200000|100%| O|  |TAMS 0x0000000089200000, 0x0000000089100000| Untracked 
| 146|0x0000000089200000, 0x0000000089300000, 0x0000000089300000|100%| O|  |TAMS 0x0000000089300000, 0x0000000089200000| Untracked 
| 147|0x0000000089300000, 0x0000000089400000, 0x0000000089400000|100%| O|  |TAMS 0x0000000089400000, 0x0000000089300000| Untracked 
| 148|0x0000000089400000, 0x0000000089500000, 0x0000000089500000|100%| O|  |TAMS 0x0000000089500000, 0x0000000089400000| Untracked 
| 149|0x0000000089500000, 0x0000000089600000, 0x0000000089600000|100%| O|  |TAMS 0x0000000089600000, 0x0000000089500000| Untracked 
| 150|0x0000000089600000, 0x0000000089700000, 0x0000000089700000|100%| O|  |TAMS 0x0000000089700000, 0x0000000089600000| Untracked 
| 151|0x0000000089700000, 0x0000000089800000, 0x0000000089800000|100%| O|  |TAMS 0x0000000089700000, 0x0000000089700000| Untracked 
| 152|0x0000000089800000, 0x0000000089900000, 0x0000000089900000|100%| O|  |TAMS 0x0000000089800000, 0x0000000089800000| Untracked 
| 153|0x0000000089900000, 0x0000000089a00000, 0x0000000089a00000|100%| O|  |TAMS 0x0000000089900000, 0x0000000089900000| Untracked 
| 154|0x0000000089a00000, 0x0000000089b00000, 0x0000000089b00000|100%| O|  |TAMS 0x0000000089a00000, 0x0000000089a00000| Untracked 
| 155|0x0000000089b00000, 0x0000000089c00000, 0x0000000089c00000|100%| O|  |TAMS 0x0000000089b00000, 0x0000000089b00000| Untracked 
| 156|0x0000000089c00000, 0x0000000089d00000, 0x0000000089d00000|100%| O|  |TAMS 0x0000000089c00000, 0x0000000089c00000| Untracked 
| 157|0x0000000089d00000, 0x0000000089db5c00, 0x0000000089e00000| 70%| O|  |TAMS 0x0000000089d00000, 0x0000000089d00000| Untracked 
| 158|0x0000000089e00000, 0x0000000089e00000, 0x0000000089f00000|  0%| F|  |TAMS 0x0000000089e00000, 0x0000000089e00000| Untracked 
| 159|0x0000000089f00000, 0x0000000089f00000, 0x000000008a000000|  0%| F|  |TAMS 0x0000000089f00000, 0x0000000089f00000| Untracked 
| 160|0x000000008a000000, 0x000000008a000000, 0x000000008a100000|  0%| F|  |TAMS 0x000000008a000000, 0x000000008a000000| Untracked 
| 161|0x000000008a100000, 0x000000008a100000, 0x000000008a200000|  0%| F|  |TAMS 0x000000008a100000, 0x000000008a100000| Untracked 
| 162|0x000000008a200000, 0x000000008a200000, 0x000000008a300000|  0%| F|  |TAMS 0x000000008a200000, 0x000000008a200000| Untracked 
| 163|0x000000008a300000, 0x000000008a300000, 0x000000008a400000|  0%| F|  |TAMS 0x000000008a300000, 0x000000008a300000| Untracked 
| 164|0x000000008a400000, 0x000000008a400000, 0x000000008a500000|  0%| F|  |TAMS 0x000000008a400000, 0x000000008a400000| Untracked 
| 165|0x000000008a500000, 0x000000008a500000, 0x000000008a600000|  0%| F|  |TAMS 0x000000008a500000, 0x000000008a500000| Untracked 
| 166|0x000000008a600000, 0x000000008a600000, 0x000000008a700000|  0%| F|  |TAMS 0x000000008a600000, 0x000000008a600000| Untracked 
| 167|0x000000008a700000, 0x000000008a700000, 0x000000008a800000|  0%| F|  |TAMS 0x000000008a700000, 0x000000008a700000| Untracked 
| 168|0x000000008a800000, 0x000000008a800000, 0x000000008a900000|  0%| F|  |TAMS 0x000000008a800000, 0x000000008a800000| Untracked 
| 169|0x000000008a900000, 0x000000008a900000, 0x000000008aa00000|  0%| F|  |TAMS 0x000000008a900000, 0x000000008a900000| Untracked 
| 170|0x000000008aa00000, 0x000000008aa00000, 0x000000008ab00000|  0%| F|  |TAMS 0x000000008aa00000, 0x000000008aa00000| Untracked 
| 171|0x000000008ab00000, 0x000000008ab00000, 0x000000008ac00000|  0%| F|  |TAMS 0x000000008ab00000, 0x000000008ab00000| Untracked 
| 172|0x000000008ac00000, 0x000000008ac00000, 0x000000008ad00000|  0%| F|  |TAMS 0x000000008ac00000, 0x000000008ac00000| Untracked 
| 173|0x000000008ad00000, 0x000000008ad00000, 0x000000008ae00000|  0%| F|  |TAMS 0x000000008ad00000, 0x000000008ad00000| Untracked 
| 174|0x000000008ae00000, 0x000000008ae00000, 0x000000008af00000|  0%| F|  |TAMS 0x000000008ae00000, 0x000000008ae00000| Untracked 
| 175|0x000000008af00000, 0x000000008af00000, 0x000000008b000000|  0%| F|  |TAMS 0x000000008af00000, 0x000000008af00000| Untracked 
| 176|0x000000008b000000, 0x000000008b000000, 0x000000008b100000|  0%| F|  |TAMS 0x000000008b000000, 0x000000008b000000| Untracked 
| 177|0x000000008b100000, 0x000000008b100000, 0x000000008b200000|  0%| F|  |TAMS 0x000000008b100000, 0x000000008b100000| Untracked 
| 178|0x000000008b200000, 0x000000008b200000, 0x000000008b300000|  0%| F|  |TAMS 0x000000008b200000, 0x000000008b200000| Untracked 
| 179|0x000000008b300000, 0x000000008b300000, 0x000000008b400000|  0%| F|  |TAMS 0x000000008b300000, 0x000000008b300000| Untracked 
| 180|0x000000008b400000, 0x000000008b400000, 0x000000008b500000|  0%| F|  |TAMS 0x000000008b400000, 0x000000008b400000| Untracked 
| 181|0x000000008b500000, 0x000000008b500000, 0x000000008b600000|  0%| F|  |TAMS 0x000000008b500000, 0x000000008b500000| Untracked 
| 182|0x000000008b600000, 0x000000008b600000, 0x000000008b700000|  0%| F|  |TAMS 0x000000008b600000, 0x000000008b600000| Untracked 
| 183|0x000000008b700000, 0x000000008b700000, 0x000000008b800000|  0%| F|  |TAMS 0x000000008b700000, 0x000000008b700000| Untracked 
| 184|0x000000008b800000, 0x000000008b800000, 0x000000008b900000|  0%| F|  |TAMS 0x000000008b800000, 0x000000008b800000| Untracked 
| 185|0x000000008b900000, 0x000000008b900000, 0x000000008ba00000|  0%| F|  |TAMS 0x000000008b900000, 0x000000008b900000| Untracked 
| 186|0x000000008ba00000, 0x000000008ba00000, 0x000000008bb00000|  0%| F|  |TAMS 0x000000008ba00000, 0x000000008ba00000| Untracked 
| 187|0x000000008bb00000, 0x000000008bb00000, 0x000000008bc00000|  0%| F|  |TAMS 0x000000008bb00000, 0x000000008bb00000| Untracked 
| 188|0x000000008bc00000, 0x000000008bc00000, 0x000000008bd00000|  0%| F|  |TAMS 0x000000008bc00000, 0x000000008bc00000| Untracked 
| 189|0x000000008bd00000, 0x000000008bd00000, 0x000000008be00000|  0%| F|  |TAMS 0x000000008bd00000, 0x000000008bd00000| Untracked 
| 190|0x000000008be00000, 0x000000008be00000, 0x000000008bf00000|  0%| F|  |TAMS 0x000000008be00000, 0x000000008be00000| Untracked 
| 191|0x000000008bf00000, 0x000000008bf00000, 0x000000008c000000|  0%| F|  |TAMS 0x000000008bf00000, 0x000000008bf00000| Untracked 
| 192|0x000000008c000000, 0x000000008c000000, 0x000000008c100000|  0%| F|  |TAMS 0x000000008c000000, 0x000000008c000000| Untracked 
| 193|0x000000008c100000, 0x000000008c100000, 0x000000008c200000|  0%| F|  |TAMS 0x000000008c100000, 0x000000008c100000| Untracked 
| 194|0x000000008c200000, 0x000000008c200000, 0x000000008c300000|  0%| F|  |TAMS 0x000000008c200000, 0x000000008c200000| Untracked 
| 195|0x000000008c300000, 0x000000008c300000, 0x000000008c400000|  0%| F|  |TAMS 0x000000008c300000, 0x000000008c300000| Untracked 
| 196|0x000000008c400000, 0x000000008c400000, 0x000000008c500000|  0%| F|  |TAMS 0x000000008c400000, 0x000000008c400000| Untracked 
| 197|0x000000008c500000, 0x000000008c500000, 0x000000008c600000|  0%| F|  |TAMS 0x000000008c500000, 0x000000008c500000| Untracked 
| 198|0x000000008c600000, 0x000000008c600000, 0x000000008c700000|  0%| F|  |TAMS 0x000000008c600000, 0x000000008c600000| Untracked 
| 199|0x000000008c700000, 0x000000008c782128, 0x000000008c800000| 50%| E|  |TAMS 0x000000008c700000, 0x000000008c700000| Complete 
| 200|0x000000008c800000, 0x000000008c900000, 0x000000008c900000|100%| E|CS|TAMS 0x000000008c800000, 0x000000008c800000| Complete 
| 201|0x000000008c900000, 0x000000008ca00000, 0x000000008ca00000|100%| E|CS|TAMS 0x000000008c900000, 0x000000008c900000| Complete 
| 202|0x000000008ca00000, 0x000000008cb00000, 0x000000008cb00000|100%| E|CS|TAMS 0x000000008ca00000, 0x000000008ca00000| Complete 
| 203|0x000000008cb00000, 0x000000008cc00000, 0x000000008cc00000|100%| E|CS|TAMS 0x000000008cb00000, 0x000000008cb00000| Complete 
| 204|0x000000008cc00000, 0x000000008cd00000, 0x000000008cd00000|100%| E|CS|TAMS 0x000000008cc00000, 0x000000008cc00000| Complete 
| 205|0x000000008cd00000, 0x000000008ce00000, 0x000000008ce00000|100%| E|CS|TAMS 0x000000008cd00000, 0x000000008cd00000| Complete 
| 206|0x000000008ce00000, 0x000000008cf00000, 0x000000008cf00000|100%| E|CS|TAMS 0x000000008ce00000, 0x000000008ce00000| Complete 
| 207|0x000000008cf00000, 0x000000008d000000, 0x000000008d000000|100%| E|CS|TAMS 0x000000008cf00000, 0x000000008cf00000| Complete 
| 208|0x000000008d000000, 0x000000008d100000, 0x000000008d100000|100%| E|CS|TAMS 0x000000008d000000, 0x000000008d000000| Complete 
| 209|0x000000008d100000, 0x000000008d200000, 0x000000008d200000|100%| E|CS|TAMS 0x000000008d100000, 0x000000008d100000| Complete 
| 210|0x000000008d200000, 0x000000008d300000, 0x000000008d300000|100%| E|CS|TAMS 0x000000008d200000, 0x000000008d200000| Complete 
| 211|0x000000008d300000, 0x000000008d400000, 0x000000008d400000|100%| E|CS|TAMS 0x000000008d300000, 0x000000008d300000| Complete 
| 212|0x000000008d400000, 0x000000008d500000, 0x000000008d500000|100%| E|CS|TAMS 0x000000008d400000, 0x000000008d400000| Complete 
| 213|0x000000008d500000, 0x000000008d600000, 0x000000008d600000|100%| E|CS|TAMS 0x000000008d500000, 0x000000008d500000| Complete 
| 214|0x000000008d600000, 0x000000008d700000, 0x000000008d700000|100%| E|CS|TAMS 0x000000008d600000, 0x000000008d600000| Complete 
| 215|0x000000008d700000, 0x000000008d800000, 0x000000008d800000|100%| E|CS|TAMS 0x000000008d700000, 0x000000008d700000| Complete 
| 216|0x000000008d800000, 0x000000008d900000, 0x000000008d900000|100%| E|CS|TAMS 0x000000008d800000, 0x000000008d800000| Complete 
| 217|0x000000008d900000, 0x000000008da00000, 0x000000008da00000|100%| E|CS|TAMS 0x000000008d900000, 0x000000008d900000| Complete 
| 218|0x000000008da00000, 0x000000008db00000, 0x000000008db00000|100%| E|CS|TAMS 0x000000008da00000, 0x000000008da00000| Complete 
| 219|0x000000008db00000, 0x000000008dc00000, 0x000000008dc00000|100%| E|CS|TAMS 0x000000008db00000, 0x000000008db00000| Complete 
| 220|0x000000008dc00000, 0x000000008dd00000, 0x000000008dd00000|100%| E|CS|TAMS 0x000000008dc00000, 0x000000008dc00000| Complete 
| 221|0x000000008dd00000, 0x000000008de00000, 0x000000008de00000|100%| E|CS|TAMS 0x000000008dd00000, 0x000000008dd00000| Complete 
| 222|0x000000008de00000, 0x000000008df00000, 0x000000008df00000|100%| E|CS|TAMS 0x000000008de00000, 0x000000008de00000| Complete 
| 223|0x000000008df00000, 0x000000008e000000, 0x000000008e000000|100%| E|CS|TAMS 0x000000008df00000, 0x000000008df00000| Complete 
| 224|0x000000008e000000, 0x000000008e100000, 0x000000008e100000|100%| E|CS|TAMS 0x000000008e000000, 0x000000008e000000| Complete 
| 225|0x000000008e100000, 0x000000008e200000, 0x000000008e200000|100%| E|CS|TAMS 0x000000008e100000, 0x000000008e100000| Complete 
| 226|0x000000008e200000, 0x000000008e300000, 0x000000008e300000|100%| E|CS|TAMS 0x000000008e200000, 0x000000008e200000| Complete 
| 227|0x000000008e300000, 0x000000008e400000, 0x000000008e400000|100%| E|CS|TAMS 0x000000008e300000, 0x000000008e300000| Complete 
| 228|0x000000008e400000, 0x000000008e500000, 0x000000008e500000|100%| E|CS|TAMS 0x000000008e400000, 0x000000008e400000| Complete 
| 229|0x000000008e500000, 0x000000008e600000, 0x000000008e600000|100%| E|CS|TAMS 0x000000008e500000, 0x000000008e500000| Complete 
| 230|0x000000008e600000, 0x000000008e700000, 0x000000008e700000|100%| E|CS|TAMS 0x000000008e600000, 0x000000008e600000| Complete 
| 231|0x000000008e700000, 0x000000008e800000, 0x000000008e800000|100%| E|CS|TAMS 0x000000008e700000, 0x000000008e700000| Complete 
| 232|0x000000008e800000, 0x000000008e900000, 0x000000008e900000|100%| E|CS|TAMS 0x000000008e800000, 0x000000008e800000| Complete 
| 233|0x000000008e900000, 0x000000008ea00000, 0x000000008ea00000|100%| E|CS|TAMS 0x000000008e900000, 0x000000008e900000| Complete 
| 234|0x000000008ea00000, 0x000000008eb00000, 0x000000008eb00000|100%| E|CS|TAMS 0x000000008ea00000, 0x000000008ea00000| Complete 
| 235|0x000000008eb00000, 0x000000008ec00000, 0x000000008ec00000|100%| E|CS|TAMS 0x000000008eb00000, 0x000000008eb00000| Complete 
| 236|0x000000008ec00000, 0x000000008ed00000, 0x000000008ed00000|100%| E|CS|TAMS 0x000000008ec00000, 0x000000008ec00000| Complete 
| 237|0x000000008ed00000, 0x000000008ee00000, 0x000000008ee00000|100%| E|CS|TAMS 0x000000008ed00000, 0x000000008ed00000| Complete 
| 238|0x000000008ee00000, 0x000000008ef00000, 0x000000008ef00000|100%| E|CS|TAMS 0x000000008ee00000, 0x000000008ee00000| Complete 
| 239|0x000000008ef00000, 0x000000008f000000, 0x000000008f000000|100%| E|CS|TAMS 0x000000008ef00000, 0x000000008ef00000| Complete 
| 240|0x000000008f000000, 0x000000008f100000, 0x000000008f100000|100%| E|CS|TAMS 0x000000008f000000, 0x000000008f000000| Complete 
| 241|0x000000008f100000, 0x000000008f200000, 0x000000008f200000|100%| E|CS|TAMS 0x000000008f100000, 0x000000008f100000| Complete 
| 242|0x000000008f200000, 0x000000008f300000, 0x000000008f300000|100%| E|CS|TAMS 0x000000008f200000, 0x000000008f200000| Complete 
| 243|0x000000008f300000, 0x000000008f400000, 0x000000008f400000|100%| E|CS|TAMS 0x000000008f300000, 0x000000008f300000| Complete 
| 244|0x000000008f400000, 0x000000008f500000, 0x000000008f500000|100%| E|CS|TAMS 0x000000008f400000, 0x000000008f400000| Complete 
| 245|0x000000008f500000, 0x000000008f600000, 0x000000008f600000|100%| E|CS|TAMS 0x000000008f500000, 0x000000008f500000| Complete 
| 246|0x000000008f600000, 0x000000008f700000, 0x000000008f700000|100%| E|CS|TAMS 0x000000008f600000, 0x000000008f600000| Complete 
| 247|0x000000008f700000, 0x000000008f800000, 0x000000008f800000|100%| E|CS|TAMS 0x000000008f700000, 0x000000008f700000| Complete 
| 248|0x000000008f800000, 0x000000008f8f4270, 0x000000008f900000| 95%| S|CS|TAMS 0x000000008f800000, 0x000000008f800000| Complete 
| 249|0x000000008f900000, 0x000000008fa00000, 0x000000008fa00000|100%| S|CS|TAMS 0x000000008f900000, 0x000000008f900000| Complete 
| 250|0x000000008fa00000, 0x000000008fb00000, 0x000000008fb00000|100%| E|CS|TAMS 0x000000008fa00000, 0x000000008fa00000| Complete 
| 251|0x000000008fb00000, 0x000000008fc00000, 0x000000008fc00000|100%| E|CS|TAMS 0x000000008fb00000, 0x000000008fb00000| Complete 
| 252|0x000000008fc00000, 0x000000008fd00000, 0x000000008fd00000|100%| E|CS|TAMS 0x000000008fc00000, 0x000000008fc00000| Complete 
| 253|0x000000008fd00000, 0x000000008fe00000, 0x000000008fe00000|100%| E|CS|TAMS 0x000000008fd00000, 0x000000008fd00000| Complete 
| 254|0x000000008fe00000, 0x000000008ff00000, 0x000000008ff00000|100%| E|CS|TAMS 0x000000008fe00000, 0x000000008fe00000| Complete 
| 255|0x000000008ff00000, 0x0000000090000000, 0x0000000090000000|100%| E|CS|TAMS 0x000000008ff00000, 0x000000008ff00000| Complete 
| 256|0x0000000090000000, 0x0000000090100000, 0x0000000090100000|100%| E|CS|TAMS 0x0000000090000000, 0x0000000090000000| Complete 
| 257|0x0000000090100000, 0x0000000090200000, 0x0000000090200000|100%| E|CS|TAMS 0x0000000090100000, 0x0000000090100000| Complete 
| 258|0x0000000090200000, 0x0000000090300000, 0x0000000090300000|100%| E|CS|TAMS 0x0000000090200000, 0x0000000090200000| Complete 
| 259|0x0000000090300000, 0x0000000090400000, 0x0000000090400000|100%| E|CS|TAMS 0x0000000090300000, 0x0000000090300000| Complete 
| 260|0x0000000090400000, 0x0000000090500000, 0x0000000090500000|100%| E|CS|TAMS 0x0000000090400000, 0x0000000090400000| Complete 
| 261|0x0000000090500000, 0x0000000090600000, 0x0000000090600000|100%| E|CS|TAMS 0x0000000090500000, 0x0000000090500000| Complete 

Card table byte_map: [0x000002512b620000,0x000002512ba20000] _byte_map_base: 0x000002512b220000

Marking Bits (Prev, Next): (CMBitMap*) 0x00000251146acb90, (CMBitMap*) 0x00000251146acb50
 Prev Bits: [0x000002512de20000, 0x000002512fe20000)
 Next Bits: [0x000002512be20000, 0x000002512de20000)

Polling page: 0x0000025112840000

Metaspace:

Usage:
  Non-class:    123.20 MB used.
      Class:     18.08 MB used.
       Both:    141.29 MB used.

Virtual space:
  Non-class space:      128.00 MB reserved,     123.75 MB ( 97%) committed,  2 nodes.
      Class space:      416.00 MB reserved,      18.56 MB (  4%) committed,  1 nodes.
             Both:      544.00 MB reserved,     142.31 MB ( 26%) committed. 

Chunk freelists:
   Non-Class:  3.66 MB
       Class:  13.45 MB
        Both:  17.11 MB

MaxMetaspaceSize: 512.00 MB
CompressedClassSpaceSize: 416.00 MB
Initial GC threshold: 21.00 MB
Current GC threshold: 235.56 MB
CDS: on
MetaspaceReclaimPolicy: balanced
 - commit_granule_bytes: 65536.
 - commit_granule_words: 8192.
 - virtual_space_node_default_size: 8388608.
 - enlarge_chunks_in_place: 1.
 - new_chunks_are_fully_committed: 0.
 - uncommit_free_chunks: 1.
 - use_allocation_guard: 0.
 - handle_deallocations: 1.


Internal statistics:

num_allocs_failed_limit: 15.
num_arena_births: 1458.
num_arena_deaths: 14.
num_vsnodes_births: 3.
num_vsnodes_deaths: 0.
num_space_committed: 2275.
num_space_uncommitted: 0.
num_chunks_returned_to_freelist: 48.
num_chunks_taken_from_freelist: 7069.
num_chunk_merges: 13.
num_chunk_splits: 5051.
num_chunks_enlarged: 3810.
num_inconsistent_stats: 0.

CodeHeap 'non-profiled nmethods': size=120000Kb used=9381Kb max_used=9381Kb free=110618Kb
 bounds [0x00000251239c0000, 0x00000251242f0000, 0x000002512aef0000]
CodeHeap 'profiled nmethods': size=120000Kb used=37020Kb max_used=37020Kb free=82979Kb
 bounds [0x000002511bef0000, 0x000002511e320000, 0x0000025123420000]
CodeHeap 'non-nmethods': size=5760Kb used=2622Kb max_used=2712Kb free=3137Kb
 bounds [0x0000025123420000, 0x00000251236d0000, 0x00000251239c0000]
 total_blobs=17150 nmethods=15962 adapters=1097
 compilation: enabled
              stopped_count=0, restarted_count=0
 full_count=0

Compilation events (20 events):
Event: 55.755 Thread 0x00000251329d0090 18479       3       org.jetbrains.kotlin.protobuf.AbstractParser::checkMessageInitialized (28 bytes)
Event: 55.756 Thread 0x00000251329d0090 nmethod 18479 0x000002511e311190 code [0x000002511e3113c0, 0x000002511e311ce8]
Event: 55.759 Thread 0x00000251329d0090 18480       3       org.jetbrains.kotlin.storage.LockBasedStorageManager$CacheWithNullableValuesBasedOnMemoizedFunction$1::invoke (9 bytes)
Event: 55.759 Thread 0x00000251329d0090 nmethod 18480 0x000002511e311f90 code [0x000002511e312140, 0x000002511e312488]
Event: 55.759 Thread 0x00000251329d0090 18481       3       org.jetbrains.kotlin.storage.LockBasedStorageManager$CacheWithNullableValuesBasedOnMemoizedFunction$1::invoke (10 bytes)
Event: 55.759 Thread 0x00000251329d0090 nmethod 18481 0x000002511e312610 code [0x000002511e3127c0, 0x000002511e3129a8]
Event: 55.769 Thread 0x00000251329d0090 18486   !   3       org.jetbrains.kotlin.metadata.jvm.JvmProtoBuf$JvmFieldSignature::<init> (286 bytes)
Event: 55.772 Thread 0x00000251329d0090 nmethod 18486 0x000002511e312a90 code [0x000002511e312ea0, 0x000002511e314ea8]
Event: 55.772 Thread 0x00000251329d0090 18482       3       org.jetbrains.kotlin.metadata.jvm.JvmProtoBuf$JvmFieldSignature::initFields (11 bytes)
Event: 55.773 Thread 0x00000251329d0090 nmethod 18482 0x000002511e315c10 code [0x000002511e315da0, 0x000002511e315eb8]
Event: 55.773 Thread 0x00000251329d0090 18483       3       org.jetbrains.kotlin.metadata.jvm.JvmProtoBuf$JvmFieldSignature$1::parsePartialFrom (7 bytes)
Event: 55.773 Thread 0x00000251329d0090 nmethod 18483 0x000002511e315f90 code [0x000002511e316120, 0x000002511e316268]
Event: 55.773 Thread 0x00000251329d0090 18484       3       org.jetbrains.kotlin.metadata.jvm.JvmProtoBuf$JvmFieldSignature$1::parsePartialFrom (11 bytes)
Event: 55.773 Thread 0x00000251329d0090 nmethod 18484 0x000002511e316310 code [0x000002511e3164c0, 0x000002511e3166c8]
Event: 55.773 Thread 0x00000251329d0090 18485       3       org.jetbrains.kotlin.metadata.jvm.JvmProtoBuf$JvmFieldSignature::<init> (7 bytes)
Event: 55.773 Thread 0x00000251329d0090 nmethod 18485 0x000002511e316810 code [0x000002511e3169a0, 0x000002511e316ae8]
Event: 55.778 Thread 0x00000251329d0090 18487       1       org.jetbrains.kotlin.load.java.lazy.JavaResolverComponents::getPackagePartProvider (5 bytes)
Event: 55.778 Thread 0x00000251329d0090 nmethod 18487 0x00000251242e9290 code [0x00000251242e9420, 0x00000251242e94f8]
Event: 55.833 Thread 0x00000251329d0090 18488       3       org.jetbrains.kotlin.metadata.ProtoBuf$Expression::initFields (44 bytes)
Event: 55.833 Thread 0x00000251329d0090 nmethod 18488 0x000002511e316b90 code [0x000002511e316d60, 0x000002511e317158]

GC Heap History (20 events):
Event: 45.992 GC heap before
{Heap before GC invocations=67 (full 0):
 garbage-first heap   total 167936K, used 147196K [0x0000000080000000, 0x0000000100000000)
  region size 1024K, 8 young (8192K), 1 survivors (1024K)
 Metaspace       used 139086K, committed 140032K, reserved 557056K
  class space    used 18071K, committed 18560K, reserved 425984K
}
Event: 45.994 GC heap after
{Heap after GC invocations=68 (full 0):
 garbage-first heap   total 167936K, used 140817K [0x0000000080000000, 0x0000000100000000)
  region size 1024K, 1 young (1024K), 1 survivors (1024K)
 Metaspace       used 139086K, committed 140032K, reserved 557056K
  class space    used 18071K, committed 18560K, reserved 425984K
}
Event: 46.078 GC heap before
{Heap before GC invocations=68 (full 0):
 garbage-first heap   total 167936K, used 147985K [0x0000000080000000, 0x0000000100000000)
  region size 1024K, 8 young (8192K), 1 survivors (1024K)
 Metaspace       used 139131K, committed 140096K, reserved 557056K
  class space    used 18071K, committed 18560K, reserved 425984K
}
Event: 46.082 GC heap after
{Heap after GC invocations=69 (full 0):
 garbage-first heap   total 167936K, used 142509K [0x0000000080000000, 0x0000000100000000)
  region size 1024K, 1 young (1024K), 1 survivors (1024K)
 Metaspace       used 139131K, committed 140096K, reserved 557056K
  class space    used 18071K, committed 18560K, reserved 425984K
}
Event: 46.171 GC heap before
{Heap before GC invocations=69 (full 0):
 garbage-first heap   total 167936K, used 149677K [0x0000000080000000, 0x0000000100000000)
  region size 1024K, 8 young (8192K), 1 survivors (1024K)
 Metaspace       used 139153K, committed 140096K, reserved 557056K
  class space    used 18071K, committed 18560K, reserved 425984K
}
Event: 46.175 GC heap after
{Heap after GC invocations=70 (full 0):
 garbage-first heap   total 209920K, used 144335K [0x0000000080000000, 0x0000000100000000)
  region size 1024K, 1 young (1024K), 1 survivors (1024K)
 Metaspace       used 139153K, committed 140096K, reserved 557056K
  class space    used 18071K, committed 18560K, reserved 425984K
}
Event: 46.421 GC heap before
{Heap before GC invocations=70 (full 0):
 garbage-first heap   total 209920K, used 177103K [0x0000000080000000, 0x0000000100000000)
  region size 1024K, 33 young (33792K), 1 survivors (1024K)
 Metaspace       used 139284K, committed 140224K, reserved 557056K
  class space    used 18075K, committed 18560K, reserved 425984K
}
Event: 46.426 GC heap after
{Heap after GC invocations=71 (full 0):
 garbage-first heap   total 209920K, used 146779K [0x0000000080000000, 0x0000000100000000)
  region size 1024K, 4 young (4096K), 4 survivors (4096K)
 Metaspace       used 139284K, committed 140224K, reserved 557056K
  class space    used 18075K, committed 18560K, reserved 425984K
}
Event: 47.170 GC heap before
{Heap before GC invocations=71 (full 0):
 garbage-first heap   total 209920K, used 177499K [0x0000000080000000, 0x0000000100000000)
  region size 1024K, 34 young (34816K), 4 survivors (4096K)
 Metaspace       used 139796K, committed 140800K, reserved 557056K
  class space    used 18105K, committed 18560K, reserved 425984K
}
Event: 47.176 GC heap after
{Heap after GC invocations=72 (full 0):
 garbage-first heap   total 209920K, used 150098K [0x0000000080000000, 0x0000000100000000)
  region size 1024K, 4 young (4096K), 4 survivors (4096K)
 Metaspace       used 139796K, committed 140800K, reserved 557056K
  class space    used 18105K, committed 18560K, reserved 425984K
}
Event: 48.157 GC heap before
{Heap before GC invocations=72 (full 0):
 garbage-first heap   total 209920K, used 177746K [0x0000000080000000, 0x0000000100000000)
  region size 1024K, 31 young (31744K), 4 survivors (4096K)
 Metaspace       used 141155K, committed 142144K, reserved 557056K
  class space    used 18205K, committed 18688K, reserved 425984K
}
Event: 48.163 GC heap after
{Heap after GC invocations=73 (full 0):
 garbage-first heap   total 209920K, used 154363K [0x0000000080000000, 0x0000000100000000)
  region size 1024K, 4 young (4096K), 4 survivors (4096K)
 Metaspace       used 141155K, committed 142144K, reserved 557056K
  class space    used 18205K, committed 18688K, reserved 425984K
}
Event: 49.367 GC heap before
{Heap before GC invocations=73 (full 0):
 garbage-first heap   total 209920K, used 177915K [0x0000000080000000, 0x0000000100000000)
  region size 1024K, 28 young (28672K), 4 survivors (4096K)
 Metaspace       used 142772K, committed 143808K, reserved 557056K
  class space    used 18304K, committed 18816K, reserved 425984K
}
Event: 49.376 GC heap after
{Heap after GC invocations=74 (full 0):
 garbage-first heap   total 209920K, used 158571K [0x0000000080000000, 0x0000000100000000)
  region size 1024K, 4 young (4096K), 4 survivors (4096K)
 Metaspace       used 142772K, committed 143808K, reserved 557056K
  class space    used 18304K, committed 18816K, reserved 425984K
}
Event: 49.851 GC heap before
{Heap before GC invocations=74 (full 0):
 garbage-first heap   total 209920K, used 164715K [0x0000000080000000, 0x0000000100000000)
  region size 1024K, 11 young (11264K), 4 survivors (4096K)
 Metaspace       used 143585K, committed 144576K, reserved 557056K
  class space    used 18373K, committed 18880K, reserved 425984K
}
Event: 49.857 GC heap after
{Heap after GC invocations=75 (full 0):
 garbage-first heap   total 209920K, used 158974K [0x0000000080000000, 0x0000000100000000)
  region size 1024K, 1 young (1024K), 1 survivors (1024K)
 Metaspace       used 143585K, committed 144576K, reserved 557056K
  class space    used 18373K, committed 18880K, reserved 425984K
}
Event: 54.582 GC heap before
{Heap before GC invocations=76 (full 0):
 garbage-first heap   total 268288K, used 173310K [0x0000000080000000, 0x0000000100000000)
  region size 1024K, 17 young (17408K), 1 survivors (1024K)
 Metaspace       used 144291K, committed 145280K, reserved 557056K
  class space    used 18489K, committed 18944K, reserved 425984K
}
Event: 54.588 GC heap after
{Heap after GC invocations=77 (full 0):
 garbage-first heap   total 268288K, used 158200K [0x0000000080000000, 0x0000000100000000)
  region size 1024K, 1 young (1024K), 1 survivors (1024K)
 Metaspace       used 144291K, committed 145280K, reserved 557056K
  class space    used 18489K, committed 18944K, reserved 425984K
}
Event: 55.280 GC heap before
{Heap before GC invocations=77 (full 0):
 garbage-first heap   total 268288K, used 170488K [0x0000000080000000, 0x0000000100000000)
  region size 1024K, 13 young (13312K), 1 survivors (1024K)
 Metaspace       used 144551K, committed 145600K, reserved 557056K
  class space    used 18517K, committed 19008K, reserved 425984K
}
Event: 55.291 GC heap after
{Heap after GC invocations=78 (full 0):
 garbage-first heap   total 268288K, used 147987K [0x0000000080000000, 0x0000000100000000)
  region size 1024K, 2 young (2048K), 2 survivors (2048K)
 Metaspace       used 144551K, committed 145600K, reserved 557056K
  class space    used 18517K, committed 19008K, reserved 425984K
}

Deoptimization events (20 events):
Event: 55.245 Thread 0x0000025153879f20 Uncommon trap: trap_request=0xffffffbe fr.pc=0x00000251241795f4 relative=0x00000000000002d4
Event: 55.245 Thread 0x0000025153879f20 Uncommon trap: reason=profile_predicate action=maybe_recompile pc=0x00000251241795f4 method=java.util.Collections.indexedBinarySearch(Ljava/util/List;Ljava/lang/Object;)I @ 13 c2
Event: 55.245 Thread 0x0000025153879f20 DEOPT PACKING pc=0x00000251241795f4 sp=0x00000059a70fe560
Event: 55.245 Thread 0x0000025153879f20 DEOPT UNPACKING pc=0x00000251234723a3 sp=0x00000059a70fe4e0 mode 2
Event: 55.610 Thread 0x0000025153878ff0 Uncommon trap: trap_request=0xffffffbe fr.pc=0x00000251242343b0 relative=0x0000000000001c90
Event: 55.610 Thread 0x0000025153878ff0 Uncommon trap: reason=profile_predicate action=maybe_recompile pc=0x00000251242343b0 method=java.util.regex.Pattern$Slice.match(Ljava/util/regex/Matcher;ILjava/lang/CharSequence;)Z @ 18 c2
Event: 55.610 Thread 0x0000025153878ff0 DEOPT PACKING pc=0x00000251242343b0 sp=0x00000059a6cf16c0
Event: 55.610 Thread 0x0000025153878ff0 DEOPT UNPACKING pc=0x00000251234723a3 sp=0x00000059a6cf14a0 mode 2
Event: 55.610 Thread 0x0000025153878ff0 Uncommon trap: trap_request=0xffffffbe fr.pc=0x00000251242343b0 relative=0x0000000000001c90
Event: 55.610 Thread 0x0000025153878ff0 Uncommon trap: reason=profile_predicate action=maybe_recompile pc=0x00000251242343b0 method=java.util.regex.Pattern$Slice.match(Ljava/util/regex/Matcher;ILjava/lang/CharSequence;)Z @ 18 c2
Event: 55.610 Thread 0x0000025153878ff0 DEOPT PACKING pc=0x00000251242343b0 sp=0x00000059a6cf19b0
Event: 55.610 Thread 0x0000025153878ff0 DEOPT UNPACKING pc=0x00000251234723a3 sp=0x00000059a6cf1790 mode 2
Event: 55.610 Thread 0x0000025153878ff0 Uncommon trap: trap_request=0xffffffbe fr.pc=0x00000251242343b0 relative=0x0000000000001c90
Event: 55.610 Thread 0x0000025153878ff0 Uncommon trap: reason=profile_predicate action=maybe_recompile pc=0x00000251242343b0 method=java.util.regex.Pattern$Slice.match(Ljava/util/regex/Matcher;ILjava/lang/CharSequence;)Z @ 18 c2
Event: 55.610 Thread 0x0000025153878ff0 DEOPT PACKING pc=0x00000251242343b0 sp=0x00000059a6cf16c0
Event: 55.610 Thread 0x0000025153878ff0 DEOPT UNPACKING pc=0x00000251234723a3 sp=0x00000059a6cf14a0 mode 2
Event: 55.610 Thread 0x0000025153878ff0 Uncommon trap: trap_request=0xffffffbe fr.pc=0x00000251242343b0 relative=0x0000000000001c90
Event: 55.610 Thread 0x0000025153878ff0 Uncommon trap: reason=profile_predicate action=maybe_recompile pc=0x00000251242343b0 method=java.util.regex.Pattern$Slice.match(Ljava/util/regex/Matcher;ILjava/lang/CharSequence;)Z @ 18 c2
Event: 55.610 Thread 0x0000025153878ff0 DEOPT PACKING pc=0x00000251242343b0 sp=0x00000059a6cf19b0
Event: 55.610 Thread 0x0000025153878ff0 DEOPT UNPACKING pc=0x00000251234723a3 sp=0x00000059a6cf1790 mode 2

Classes unloaded (20 events):
Event: 25.641 Thread 0x00000251328859e0 Unloading class 0x000002513461b000 '_BuildScript_'
Event: 25.641 Thread 0x00000251328859e0 Unloading class 0x0000025134619bb8 '_BuildScript_$_run_closure1$_closure2$_closure4$_closure5'
Event: 25.641 Thread 0x00000251328859e0 Unloading class 0x00000251346197d0 '_BuildScript_$_run_closure1$_closure2$_closure4'
Event: 25.641 Thread 0x00000251328859e0 Unloading class 0x00000251346193e8 '_BuildScript_$_run_closure1$_closure2$_closure3'
Event: 25.641 Thread 0x00000251328859e0 Unloading class 0x0000025134619000 '_BuildScript_$_run_closure1$_closure2'
Event: 25.641 Thread 0x00000251328859e0 Unloading class 0x0000025134618400 '_BuildScript_$_run_closure1'
Event: 25.641 Thread 0x00000251328859e0 Unloading class 0x0000025134618800 '_BuildScript_'
Event: 25.641 Thread 0x00000251328859e0 Unloading class 0x00000251346123e8 '_BuildScript_$_run_closure1$_closure2$_closure3$_closure4'
Event: 25.641 Thread 0x00000251328859e0 Unloading class 0x0000025134612000 '_BuildScript_$_run_closure1$_closure2$_closure3'
Event: 25.641 Thread 0x00000251328859e0 Unloading class 0x0000025134611918 '_BuildScript_$_run_closure1$_closure2'
Event: 25.641 Thread 0x00000251328859e0 Unloading class 0x0000025134611530 '_BuildScript_$_run_closure1'
Event: 25.641 Thread 0x00000251328859e0 Unloading class 0x0000025134611000 '_BuildScript_'
Event: 25.641 Thread 0x00000251328859e0 Unloading class 0x000002513460e000 '_BuildScript_$_run_closure1$_closure2'
Event: 25.641 Thread 0x00000251328859e0 Unloading class 0x000002513460d918 '_BuildScript_$_run_closure1'
Event: 25.641 Thread 0x00000251328859e0 Unloading class 0x000002513460d3e8 '_BuildScript_'
Event: 25.641 Thread 0x00000251328859e0 Unloading class 0x000002513460d000 'ProtobufPatchPlugin$_apply_closure1$_closure2$_closure3$_closure4'
Event: 25.641 Thread 0x00000251328859e0 Unloading class 0x000002513460ca98 'ProtobufPatchPlugin$_apply_closure1$_closure2$_closure3'
Event: 25.641 Thread 0x00000251328859e0 Unloading class 0x000002513460c6b0 'ProtobufPatchPlugin$_apply_closure1$_closure2'
Event: 25.641 Thread 0x00000251328859e0 Unloading class 0x000002513460c2c8 'ProtobufPatchPlugin$_apply_closure1'
Event: 25.641 Thread 0x00000251328859e0 Unloading class 0x000002513460c000 'ProtobufPatchPlugin'

Classes redefined (0 events):
No events

Internal exceptions (20 events):
Event: 50.980 Thread 0x0000025153878ff0 Exception <a 'sun/nio/fs/WindowsException'{0x00000000904336d8}> (0x00000000904336d8) 
thrown [s\open\src\hotspot\share\prims\jni.cpp, line 516]
Event: 50.983 Thread 0x0000025153878ff0 Exception <a 'sun/nio/fs/WindowsException'{0x000000009043ed38}> (0x000000009043ed38) 
thrown [s\open\src\hotspot\share\prims\jni.cpp, line 516]
Event: 50.987 Thread 0x0000025153878ff0 Exception <a 'sun/nio/fs/WindowsException'{0x00000000904476e8}> (0x00000000904476e8) 
thrown [s\open\src\hotspot\share\prims\jni.cpp, line 516]
Event: 50.990 Thread 0x0000025153878ff0 Exception <a 'sun/nio/fs/WindowsException'{0x00000000904500f8}> (0x00000000904500f8) 
thrown [s\open\src\hotspot\share\prims\jni.cpp, line 516]
Event: 50.994 Thread 0x0000025153878ff0 Exception <a 'sun/nio/fs/WindowsException'{0x0000000090459070}> (0x0000000090459070) 
thrown [s\open\src\hotspot\share\prims\jni.cpp, line 516]
Event: 50.998 Thread 0x0000025153878ff0 Exception <a 'sun/nio/fs/WindowsException'{0x0000000090461820}> (0x0000000090461820) 
thrown [s\open\src\hotspot\share\prims\jni.cpp, line 516]
Event: 51.001 Thread 0x0000025153878ff0 Exception <a 'sun/nio/fs/WindowsException'{0x0000000090475308}> (0x0000000090475308) 
thrown [s\open\src\hotspot\share\prims\jni.cpp, line 516]
Event: 51.006 Thread 0x0000025153878ff0 Exception <a 'sun/nio/fs/WindowsException'{0x000000009047da38}> (0x000000009047da38) 
thrown [s\open\src\hotspot\share\prims\jni.cpp, line 516]
Event: 51.011 Thread 0x0000025153878ff0 Exception <a 'sun/nio/fs/WindowsException'{0x00000000904856b8}> (0x00000000904856b8) 
thrown [s\open\src\hotspot\share\prims\jni.cpp, line 516]
Event: 51.014 Thread 0x0000025153878ff0 Exception <a 'sun/nio/fs/WindowsException'{0x0000000090490fb8}> (0x0000000090490fb8) 
thrown [s\open\src\hotspot\share\prims\jni.cpp, line 516]
Event: 51.887 Thread 0x0000025153878ff0 Exception <a 'sun/nio/fs/WindowsException'{0x0000000090499808}> (0x0000000090499808) 
thrown [s\open\src\hotspot\share\prims\jni.cpp, line 516]
Event: 52.351 Thread 0x0000025153878ff0 Exception <a 'sun/nio/fs/WindowsException'{0x00000000904a2700}> (0x00000000904a2700) 
thrown [s\open\src\hotspot\share\prims\jni.cpp, line 516]
Event: 52.687 Thread 0x0000025153878ff0 Exception <a 'sun/nio/fs/WindowsException'{0x00000000904aa5e8}> (0x00000000904aa5e8) 
thrown [s\open\src\hotspot\share\prims\jni.cpp, line 516]
Event: 52.851 Thread 0x0000025153878ff0 Exception <a 'sun/nio/fs/WindowsException'{0x00000000904ba158}> (0x00000000904ba158) 
thrown [s\open\src\hotspot\share\prims\jni.cpp, line 516]
Event: 53.358 Thread 0x0000025153878ff0 Exception <a 'sun/nio/fs/WindowsException'{0x00000000904c1c98}> (0x00000000904c1c98) 
thrown [s\open\src\hotspot\share\prims\jni.cpp, line 516]
Event: 55.262 Thread 0x0000025153878ff0 Exception <a 'sun/nio/fs/WindowsException'{0x000000008fcac190}> (0x000000008fcac190) 
thrown [s\open\src\hotspot\share\prims\jni.cpp, line 516]
Event: 55.262 Thread 0x0000025153878ff0 Exception <a 'sun/nio/fs/WindowsException'{0x000000008fcae440}> (0x000000008fcae440) 
thrown [s\open\src\hotspot\share\prims\jni.cpp, line 516]
Event: 55.267 Thread 0x0000025153878ff0 Exception <a 'sun/nio/fs/WindowsException'{0x000000008fccdc58}> (0x000000008fccdc58) 
thrown [s\open\src\hotspot\share\prims\jni.cpp, line 516]
Event: 55.320 Thread 0x0000025153878ff0 Exception <a 'sun/nio/fs/WindowsException'{0x0000000090236ec0}> (0x0000000090236ec0) 
thrown [s\open\src\hotspot\share\prims\jni.cpp, line 516]
Event: 55.321 Thread 0x0000025153878ff0 Exception <a 'sun/nio/fs/WindowsException'{0x0000000090237cd8}> (0x0000000090237cd8) 
thrown [s\open\src\hotspot\share\prims\jni.cpp, line 516]

VM Operations (20 events):
Event: 48.874 Executing VM operation: HandshakeAllThreads
Event: 48.874 Executing VM operation: HandshakeAllThreads done
Event: 49.018 Executing VM operation: ICBufferFull
Event: 49.018 Executing VM operation: ICBufferFull done
Event: 49.367 Executing VM operation: G1CollectForAllocation
Event: 49.376 Executing VM operation: G1CollectForAllocation done
Event: 49.851 Executing VM operation: CollectForMetadataAllocation
Event: 49.857 Executing VM operation: CollectForMetadataAllocation done
Event: 50.089 Executing VM operation: G1Concurrent
Event: 50.110 Executing VM operation: G1Concurrent done
Event: 50.213 Executing VM operation: G1Concurrent
Event: 50.214 Executing VM operation: G1Concurrent done
Event: 51.228 Executing VM operation: Cleanup
Event: 51.228 Executing VM operation: Cleanup done
Event: 54.251 Executing VM operation: Cleanup
Event: 54.298 Executing VM operation: Cleanup done
Event: 54.581 Executing VM operation: G1CollectForAllocation
Event: 54.588 Executing VM operation: G1CollectForAllocation done
Event: 55.279 Executing VM operation: G1CollectForAllocation
Event: 55.291 Executing VM operation: G1CollectForAllocation done

Events (20 events):
Event: 45.939 Thread 0x00000251329d1550 flushing nmethod 0x000002511d54b810
Event: 45.940 Thread 0x00000251329d1550 flushing nmethod 0x000002511d659890
Event: 48.009 Thread 0x00000251329d1550 flushing nmethod 0x0000025123d93590
Event: 48.010 Thread 0x00000251329d1550 flushing nmethod 0x0000025123f39d10
Event: 48.010 Thread 0x00000251329d1550 flushing nmethod 0x0000025123f48e10
Event: 48.010 Thread 0x00000251329d1550 flushing nmethod 0x0000025123f62010
Event: 48.013 Thread 0x00000251329d1550 flushing nmethod 0x000002511c02e810
Event: 48.013 Thread 0x00000251329d1550 flushing nmethod 0x000002511c02ed10
Event: 48.013 Thread 0x00000251329d1550 flushing nmethod 0x000002511c059790
Event: 48.016 Thread 0x00000251329d1550 flushing nmethod 0x000002511c323890
Event: 48.016 Thread 0x00000251329d1550 flushing nmethod 0x000002511c3e4190
Event: 48.017 Thread 0x00000251329d1550 flushing nmethod 0x000002511c464610
Event: 48.017 Thread 0x00000251329d1550 flushing nmethod 0x000002511c510b10
Event: 48.017 Thread 0x00000251329d1550 flushing nmethod 0x000002511c511290
Event: 48.018 Thread 0x00000251329d1550 flushing nmethod 0x000002511c590610
Event: 48.018 Thread 0x00000251329d1550 flushing nmethod 0x000002511c5a0890
Event: 48.020 Thread 0x00000251329d1550 flushing nmethod 0x000002511c7a3110
Event: 48.020 Thread 0x00000251329d1550 flushing nmethod 0x000002511c7cee10
Event: 49.239 Thread 0x0000025155aff800 Thread exited: 0x0000025155aff800
Event: 49.239 Thread 0x0000025153f38130 Thread exited: 0x0000025153f38130


Dynamic libraries:
0x00007ff6c0d30000 - 0x00007ff6c0d40000 	C:\Program Files\Java\jdk-17\bin\java.exe
0x00007ffb4fca0000 - 0x00007ffb4ff06000 	C:\WINDOWS\SYSTEM32\ntdll.dll
0x00007ffb4f500000 - 0x00007ffb4f5c9000 	C:\WINDOWS\System32\KERNEL32.DLL
0x00007ffb4d030000 - 0x00007ffb4d42e000 	C:\WINDOWS\System32\KERNELBASE.dll
0x00007ffb4d500000 - 0x00007ffb4d64c000 	C:\WINDOWS\System32\ucrtbase.dll
0x00007ffb24630000 - 0x00007ffb24649000 	C:\Program Files\Java\jdk-17\bin\jli.dll
0x00007ffb14440000 - 0x00007ffb1445b000 	C:\Program Files\Java\jdk-17\bin\VCRUNTIME140.dll
0x00007ffb4f440000 - 0x00007ffb4f4f7000 	C:\WINDOWS\System32\ADVAPI32.dll
0x00007ffb4f9b0000 - 0x00007ffb4fa59000 	C:\WINDOWS\System32\msvcrt.dll
0x00007ffb4f1f0000 - 0x00007ffb4f29a000 	C:\WINDOWS\System32\sechost.dll
0x00007ffb4f0b0000 - 0x00007ffb4f1c8000 	C:\WINDOWS\System32\RPCRT4.dll
0x00007ffb4f7e0000 - 0x00007ffb4f9a7000 	C:\WINDOWS\System32\USER32.dll
0x00007ffb4d660000 - 0x00007ffb4d687000 	C:\WINDOWS\System32\win32u.dll
0x00007ffb4ede0000 - 0x00007ffb4ee0b000 	C:\WINDOWS\System32\GDI32.dll
0x00007ffb4d8a0000 - 0x00007ffb4d9ca000 	C:\WINDOWS\System32\gdi32full.dll
0x00007ffb4cec0000 - 0x00007ffb4cf63000 	C:\WINDOWS\System32\msvcp_win.dll
0x00007ffb355c0000 - 0x00007ffb35852000 	C:\WINDOWS\WinSxS\amd64_microsoft.windows.common-controls_6595b64144ccf1df_6.0.26100.8894_none_3e0f749ee32e02ea\COMCTL32.dll
0x00007ffb45ad0000 - 0x00007ffb45adb000 	C:\WINDOWS\SYSTEM32\VERSION.dll
0x00007ffb4e0f0000 - 0x00007ffb4e122000 	C:\WINDOWS\System32\IMM32.DLL
0x00007ffb12410000 - 0x00007ffb1241c000 	C:\Program Files\Java\jdk-17\bin\vcruntime140_1.dll
0x00007ffaac290000 - 0x00007ffaac31e000 	C:\Program Files\Java\jdk-17\bin\msvcp140.dll
0x00007ffa71240000 - 0x00007ffa71e1f000 	C:\Program Files\Java\jdk-17\bin\server\jvm.dll
0x00007ffb4f7d0000 - 0x00007ffb4f7d8000 	C:\WINDOWS\System32\PSAPI.DLL
0x00007ffb11ed0000 - 0x00007ffb11eda000 	C:\WINDOWS\SYSTEM32\WSOCK32.dll
0x00007ffb4ee30000 - 0x00007ffb4eeb0000 	C:\WINDOWS\System32\WS2_32.dll
0x00007ffb39740000 - 0x00007ffb39776000 	C:\WINDOWS\SYSTEM32\WINMM.dll
0x00007ffb4bb70000 - 0x00007ffb4bb8b000 	C:\WINDOWS\SYSTEM32\kernel.appcore.dll
0x00007ffb11ec0000 - 0x00007ffb11eca000 	C:\Program Files\Java\jdk-17\bin\jimage.dll
0x00007ffb4a600000 - 0x00007ffb4a842000 	C:\WINDOWS\SYSTEM32\DBGHELP.DLL
0x00007ffb4dd60000 - 0x00007ffb4e0e3000 	C:\WINDOWS\System32\combase.dll
0x00007ffb4eed0000 - 0x00007ffb4efa9000 	C:\WINDOWS\System32\OLEAUT32.dll
0x00007ffb32900000 - 0x00007ffb3293b000 	C:\WINDOWS\SYSTEM32\dbgcore.DLL
0x00007ffb4d440000 - 0x00007ffb4d4ec000 	C:\WINDOWS\System32\bcryptPrimitives.dll
0x00007ffb10740000 - 0x00007ffb1074e000 	C:\Program Files\Java\jdk-17\bin\instrument.dll
0x00007ffad5300000 - 0x00007ffad5325000 	C:\Program Files\Java\jdk-17\bin\java.dll
0x00007ffaa43f0000 - 0x00007ffaa44c7000 	C:\Program Files\Java\jdk-17\bin\jsvml.dll
0x00007ffb4e5c0000 - 0x00007ffb4ed52000 	C:\WINDOWS\System32\SHELL32.dll
0x00007ffb4a940000 - 0x00007ffb4b1d2000 	C:\WINDOWS\SYSTEM32\windows.storage.dll
0x00007ffb4efb0000 - 0x00007ffb4f0a7000 	C:\WINDOWS\System32\SHCORE.dll
0x00007ffb4fbf0000 - 0x00007ffb4fc57000 	C:\WINDOWS\System32\shlwapi.dll
0x00007ffb4cde0000 - 0x00007ffb4ce09000 	C:\WINDOWS\SYSTEM32\profapi.dll
0x00007ffadb600000 - 0x00007ffadb618000 	C:\Program Files\Java\jdk-17\bin\zip.dll
0x00007ffad77f0000 - 0x00007ffad7809000 	C:\Program Files\Java\jdk-17\bin\net.dll
0x00007ffb44c80000 - 0x00007ffb44da7000 	C:\WINDOWS\SYSTEM32\WINHTTP.dll
0x00007ffb4c150000 - 0x00007ffb4c1bc000 	C:\WINDOWS\system32\mswsock.dll
0x00007ffad75d0000 - 0x00007ffad75e6000 	C:\Program Files\Java\jdk-17\bin\nio.dll
0x00007ffb0a070000 - 0x00007ffb0a080000 	C:\Program Files\Java\jdk-17\bin\verify.dll
0x00007ffadc960000 - 0x00007ffadc987000 	C:\Users\ASUS\.gradle\native\1def1411415f61bf3af743bc5b6707747c0891f09f0c88961ee8f79bc544acac\windows-amd64\native-platform.dll
0x00007ffaac320000 - 0x00007ffaac398000 	C:\Users\ASUS\.gradle\native\0.2.7\x86_64-windows-gnu\gradle-fileevents.dll
0x00007ffb3ec50000 - 0x00007ffb3ec5a000 	C:\Program Files\Java\jdk-17\bin\management.dll
0x00007ffaf0500000 - 0x00007ffaf050b000 	C:\Program Files\Java\jdk-17\bin\management_ext.dll
0x00007ffb4b510000 - 0x00007ffb4b543000 	C:\WINDOWS\SYSTEM32\IPHLPAPI.DLL
0x00007ffb4f5d0000 - 0x00007ffb4f5da000 	C:\WINDOWS\System32\NSI.dll
0x00007ffb44820000 - 0x00007ffb4483d000 	C:\WINDOWS\SYSTEM32\dhcpcsvc6.DLL
0x00007ffb44370000 - 0x00007ffb44395000 	C:\WINDOWS\SYSTEM32\dhcpcsvc.DLL
0x00007ffb4b5a0000 - 0x00007ffb4b6f6000 	C:\WINDOWS\SYSTEM32\DNSAPI.dll
0x00007ffb4bf10000 - 0x00007ffb4bf1d000 	C:\WINDOWS\SYSTEM32\DSPARSE.dll
0x00007ffb4c450000 - 0x00007ffb4c46b000 	C:\WINDOWS\SYSTEM32\CRYPTSP.dll
0x00007ffb4bad0000 - 0x00007ffb4bb09000 	C:\WINDOWS\system32\rsaenh.dll
0x00007ffb4c210000 - 0x00007ffb4c242000 	C:\WINDOWS\SYSTEM32\USERENV.dll
0x00007ffb4cdb0000 - 0x00007ffb4cdda000 	C:\WINDOWS\SYSTEM32\bcrypt.dll
0x00007ffb4c470000 - 0x00007ffb4c47c000 	C:\WINDOWS\SYSTEM32\CRYPTBASE.dll
0x00007ffadc950000 - 0x00007ffadc95e000 	C:\Program Files\Java\jdk-17\bin\sunmscapi.dll
0x00007ffb4d690000 - 0x00007ffb4d808000 	C:\WINDOWS\System32\CRYPT32.dll
0x00007ffb4c690000 - 0x00007ffb4c6c0000 	C:\WINDOWS\SYSTEM32\ncrypt.dll
0x00007ffb4c640000 - 0x00007ffb4c67f000 	C:\WINDOWS\SYSTEM32\NTASN1.dll
0x00007ffadd6e0000 - 0x00007ffadd6e8000 	C:\WINDOWS\system32\wshunix.dll
0x00007ffb4bcb0000 - 0x00007ffb4bce6000 	C:\WINDOWS\SYSTEM32\ntmarta.dll
0x00007ffb3ed80000 - 0x00007ffb3ed8b000 	C:\Windows\System32\rasadhlp.dll
0x00007ffb42360000 - 0x00007ffb423e6000 	C:\WINDOWS\System32\fwpuclnt.dll

dbghelp: loaded successfully - version: 4.0.5 - missing functions: none
symbol engine: initialized successfully - sym options: 0x614 - pdb path: .;C:\Program Files\Java\jdk-17\bin;C:\WINDOWS\SYSTEM32;C:\WINDOWS\WinSxS\amd64_microsoft.windows.common-controls_6595b64144ccf1df_6.0.26100.8894_none_3e0f749ee32e02ea;C:\Program Files\Java\jdk-17\bin\server;C:\Users\ASUS\.gradle\native\1def1411415f61bf3af743bc5b6707747c0891f09f0c88961ee8f79bc544acac\windows-amd64;C:\Users\ASUS\.gradle\native\0.2.7\x86_64-windows-gnu

VM Arguments:
jvm_args: --add-opens=java.base/java.lang=ALL-UNNAMED --add-opens=java.base/java.lang.invoke=ALL-UNNAMED --add-opens=java.base/java.util=ALL-UNNAMED --add-opens=java.prefs/java.util.prefs=ALL-UNNAMED --add-exports=jdk.compiler/com.sun.tools.javac.api=ALL-UNNAMED --add-exports=jdk.compiler/com.sun.tools.javac.util=ALL-UNNAMED --add-opens=java.base/java.util=ALL-UNNAMED --add-opens=java.prefs/java.util.prefs=ALL-UNNAMED --add-opens=java.base/java.nio.charset=ALL-UNNAMED --add-opens=java.base/java.net=ALL-UNNAMED --add-opens=java.base/java.util.concurrent.atomic=ALL-UNNAMED --add-opens=java.xml/javax.xml.namespace=ALL-UNNAMED -XX:MaxMetaspaceSize=512m -Xmx2048m -Dfile.encoding=UTF-8 -Duser.country=US -Duser.language=en -Duser.variant -javaagent:C:\Users\ASUS\.gradle\wrapper\dists\gradle-8.14.3-bin\cv11ve7ro1n3o1j4so8xd9n66\gradle-8.14.3\lib\agents\gradle-instrumentation-agent-8.14.3.jar 
java_command: org.gradle.launcher.daemon.bootstrap.GradleDaemon 8.14.3
java_class_path (initial): C:\Users\ASUS\.gradle\wrapper\dists\gradle-8.14.3-bin\cv11ve7ro1n3o1j4so8xd9n66\gradle-8.14.3\lib\gradle-daemon-main-8.14.3.jar
Launcher Type: SUN_STANDARD

[Global flags]
     intx CICompilerCount                          = 4                                         {product} {ergonomic}
   size_t CompressedClassSpaceSize                 = 436207616                                 {product} {ergonomic}
     uint ConcGCThreads                            = 2                                         {product} {ergonomic}
     uint G1ConcRefinementThreads                  = 8                                         {product} {ergonomic}
   size_t G1HeapRegionSize                         = 1048576                                   {product} {ergonomic}
    uintx GCDrainStackTargetSize                   = 64                                        {product} {ergonomic}
   size_t InitialHeapSize                          = 266338304                                 {product} {ergonomic}
   size_t MarkStackSize                            = 4194304                                   {product} {ergonomic}
   size_t MaxHeapSize                              = 2147483648                                {product} {command line}
   size_t MaxMetaspaceSize                         = 536870912                                 {product} {command line}
   size_t MaxNewSize                               = 1287651328                                {product} {ergonomic}
   size_t MinHeapDeltaBytes                        = 1048576                                   {product} {ergonomic}
   size_t MinHeapSize                              = 8388608                                   {product} {ergonomic}
    uintx NonNMethodCodeHeapSize                   = 5839372                                {pd product} {ergonomic}
    uintx NonProfiledCodeHeapSize                  = 122909434                              {pd product} {ergonomic}
    uintx ProfiledCodeHeapSize                     = 122909434                              {pd product} {ergonomic}
    uintx ReservedCodeCacheSize                    = 251658240                              {pd product} {ergonomic}
     bool SegmentedCodeCache                       = true                                      {product} {ergonomic}
   size_t SoftMaxHeapSize                          = 2147483648                             {manageable} {ergonomic}
     bool UseCompressedClassPointers               = true                           {product lp64_product} {ergonomic}
     bool UseCompressedOops                        = true                           {product lp64_product} {ergonomic}
     bool UseG1GC                                  = true                                      {product} {ergonomic}
     bool UseLargePagesIndividualAllocation        = false                                  {pd product} {ergonomic}

Logging:
Log output configuration:
 #0: stdout all=warning uptime,level,tags
 #1: stderr all=off uptime,level,tags

Environment Variables:
JAVA_HOME=C:\Program Files\Java\jdk-17
PATH=C:\Program Files\Common Files\Oracle\Java\javapath;C:\Python312\Scripts\;C:\Python312\;C:\Program Files (x86)\Common Files\Oracle\Java\javapath;C:\Python310\Scripts\;C:\Python310\;C:\Windows\system32;C:\Windows;C:\Windows\System32\Wbem;C:\Windows\System32\WindowsPowerShell\v1.0\;C:\Windows\System32\OpenSSH\;C:\Program Files (x86)\NVIDIA Corporation\PhysX\Common;C:\Program Files\NVIDIA Corporation\NVIDIA NvDLISR;C:\Program Files\dotnet\;C:\WINDOWS\system32;C:\WINDOWS;C:\WINDOWS\System32\Wbem;C:\WINDOWS\System32\WindowsPowerShell\v1.0\;C:\WINDOWS\System32\OpenSSH\;C:\Program Files\Git\cmd;C:\ProgramData\chocolatey\bin;C:\Program Files\gradle-6.5.1-bin\gradle-6.5.1\bin;C:\Program Files\Java\jdk1.8.0_202\bin;C:\Program Files\Microsoft SQL Server\150\Tools\Binn\;C:\Program Files\Microsoft SQL Server\Client SDK\ODBC\170\Tools\Binn\;C:\Program Files\MongoDB\Server\5.0\bin;C:\Program Files\nodejs\;C:\Program Files\Memurai\;C:\redis;C:\Users\ASUS\AppData\Local\Microsoft\WindowsApps;C:\Users\ASUS\AppData\Local\Programs\Microsoft VS Code\bin;C:\Users\ASUS\AppData\Local\Android\Sdk\platforms;C:\Users\ASUS\AppData\Local\Android\Sdk\platform-tools;C:\src\flutter\bin;C:\Users\ASUS\.dotnet\tools;C:\Program Files (x86)\MongoDB Atlas CLI\;C:\Users\ASUS\AppData\Roaming\npm;C:\Program Files\PostgreSQL\18\bin;
USERNAME=ASUS
OS=Windows_NT
PROCESSOR_IDENTIFIER=Intel64 Family 6 Model 165 Stepping 2, GenuineIntel



---------------  S Y S T E M  ---------------

OS:
 Windows 11 , 64 bit Build 26100 (10.0.26100.8875)
OS uptime: 0 days 2:18 hours
Hyper-V role detected

CPU: total 8 (initial active 8) (4 cores per cpu, 2 threads per core) family 6 model 165 stepping 2 microcode 0xe0, cx8, cmov, fxsr, ht, mmx, 3dnowpref, sse, sse2, sse3, ssse3, sse4.1, sse4.2, popcnt, lzcnt, tsc, tscinvbit, avx, avx2, aes, erms, clmul, bmi1, bmi2, adx, fma, vzeroupper, clflush, clflushopt, hv

Memory: 4k page, system-wide physical 16221M (299M free)
TotalPageFile size 28658M (AvailPageFile size 4M)
current process WorkingSet (physical memory assigned to process): 603M, peak: 616M
current process commit charge ("private bytes"): 652M, peak: 668M

vm_info: Java HotSpot(TM) 64-Bit Server VM (17.0.10+11-LTS-240) for windows-amd64 JRE (17.0.10+11-LTS-240), built on Dec 19 2023 21:47:25 by "mach5one" with MS VC++ 17.1 (VS2022)

END.
